Global seed set to 1501
GPU available: True (cuda), used: True
TPU available: False, using: 0 TPU cores
IPU available: False, using: 0 IPUs
HPU available: False, using: 0 HPUs
Missing logger folder: /home/su5ti/emg2qwerty/logs/2026-03-12/04-38-27/job0_model=gru_ctc,trainer.devices=1,trainer.max_epochs=50,user=single_user/lightning_logs
LOCAL_RANK: 0 - CUDA_VISIBLE_DEVICES: [0]
/opt/conda/envs/emg2qwerty/lib/python3.10/site-packages/pl_bolts/__init__.py:11: FutureWarning: In the future `np.object` will be defined as the corresponding NumPy scalar.
  if not hasattr(numpy, tp_name):
/opt/conda/envs/emg2qwerty/lib/python3.10/site-packages/pl_bolts/__init__.py:11: FutureWarning: In the future `np.bool` will be defined as the corresponding NumPy scalar.
  if not hasattr(numpy, tp_name):
/opt/conda/envs/emg2qwerty/lib/python3.10/site-packages/pl_bolts/models/self_supervised/amdim/amdim_module.py:34: UnderReviewWarning: The feature generate_power_seq is currently marked under review. The compatibility with other Lightning projects is not guaranteed and API may change at any time. The API and functionality may change without warning in future releases. More details: https://lightning-bolts.readthedocs.io/en/latest/stability.html
  "lr_options": generate_power_seq(LEARNING_RATE_CIFAR, 11),
/opt/conda/envs/emg2qwerty/lib/python3.10/site-packages/pl_bolts/models/self_supervised/amdim/amdim_module.py:92: UnderReviewWarning: The feature FeatureMapContrastiveTask is currently marked under review. The compatibility with other Lightning projects is not guaranteed and API may change at any time. The API and functionality may change without warning in future releases. More details: https://lightning-bolts.readthedocs.io/en/latest/stability.html
  contrastive_task: Union[FeatureMapContrastiveTask] = FeatureMapContrastiveTask("01, 02, 11"),
/opt/conda/envs/emg2qwerty/lib/python3.10/site-packages/pl_bolts/losses/self_supervised_learning.py:228: UnderReviewWarning: The feature AmdimNCELoss is currently marked under review. The compatibility with other Lightning projects is not guaranteed and API may change at any time. The API and functionality may change without warning in future releases. More details: https://lightning-bolts.readthedocs.io/en/latest/stability.html
  self.nce_loss = AmdimNCELoss(tclip)
/opt/conda/envs/emg2qwerty/lib/python3.10/site-packages/hydra/_internal/instantiate/_instantiate2.py:92: UnderReviewWarning: The feature LinearWarmupCosineAnnealingLR is currently marked under review. The compatibility with other Lightning projects is not guaranteed and API may change at any time. The API and functionality may change without warning in future releases. More details: https://lightning-bolts.readthedocs.io/en/latest/stability.html
  return _target_(*args, **kwargs)

  | Name     | Type          | Params
-------------------------------------------
0 | encoder  | TDSGRUEncoder | 7.2 M 
1 | model    | Sequential    | 7.7 M 
2 | ctc_loss | CTCLoss       | 0     
3 | metrics  | ModuleDict    | 0     
-------------------------------------------
7.7 M     Trainable params
0         Non-trainable params
7.7 M     Total params
30.838    Total estimated model params size (MB)
/opt/conda/envs/emg2qwerty/lib/python3.10/site-packages/torch/utils/data/dataloader.py:558: UserWarning: This DataLoader will create 4 worker processes in total. Our suggested max number of worker in current system is 2, which is smaller than what this DataLoader is going to create. Please be aware that excessive worker creation might get DataLoader running slow or even freeze, lower the worker number to avoid potential slowness/freeze if necessary.
  warnings.warn(_create_warning_msg(
Epoch 0, global step 120: 'val/CER' reached 282.03366 (best 282.03366), saving model to '/home/su5ti/emg2qwerty/logs/2026-03-12/04-38-27/job0_model=gru_ctc,trainer.devices=1,trainer.max_epochs=50,user=single_user/checkpoints/epoch=0-step=120.ckpt' as top 1
Epoch 1, global step 240: 'val/CER' reached 100.00000 (best 100.00000), saving model to '/home/su5ti/emg2qwerty/logs/2026-03-12/04-38-27/job0_model=gru_ctc,trainer.devices=1,trainer.max_epochs=50,user=single_user/checkpoints/epoch=1-step=240.ckpt' as top 1
Epoch 2, global step 360: 'val/CER' was not in top 1
Epoch 3, global step 480: 'val/CER' was not in top 1
Epoch 4, global step 600: 'val/CER' was not in top 1
Epoch 5, global step 720: 'val/CER' was not in top 1
Epoch 6, global step 840: 'val/CER' was not in top 1
Epoch 7, global step 960: 'val/CER' was not in top 1
Epoch 8, global step 1080: 'val/CER' was not in top 1
Epoch 9, global step 1200: 'val/CER' was not in top 1
Epoch 10, global step 1320: 'val/CER' was not in top 1
Epoch 11, global step 1440: 'val/CER' was not in top 1
Epoch 12, global step 1560: 'val/CER' was not in top 1
Epoch 13, global step 1680: 'val/CER' reached 99.42401 (best 99.42401), saving model to '/home/su5ti/emg2qwerty/logs/2026-03-12/04-38-27/job0_model=gru_ctc,trainer.devices=1,trainer.max_epochs=50,user=single_user/checkpoints/epoch=13-step=1680.ckpt' as top 1
Epoch 14, global step 1800: 'val/CER' reached 93.02171 (best 93.02171), saving model to '/home/su5ti/emg2qwerty/logs/2026-03-12/04-38-27/job0_model=gru_ctc,trainer.devices=1,trainer.max_epochs=50,user=single_user/checkpoints/epoch=14-step=1800.ckpt' as top 1
Epoch 15, global step 1920: 'val/CER' reached 82.65397 (best 82.65397), saving model to '/home/su5ti/emg2qwerty/logs/2026-03-12/04-38-27/job0_model=gru_ctc,trainer.devices=1,trainer.max_epochs=50,user=single_user/checkpoints/epoch=15-step=1920.ckpt' as top 1
Epoch 16, global step 2040: 'val/CER' reached 74.16925 (best 74.16925), saving model to '/home/su5ti/emg2qwerty/logs/2026-03-12/04-38-27/job0_model=gru_ctc,trainer.devices=1,trainer.max_epochs=50,user=single_user/checkpoints/epoch=16-step=2040.ckpt' as top 1
Epoch 17, global step 2160: 'val/CER' reached 66.68143 (best 66.68143), saving model to '/home/su5ti/emg2qwerty/logs/2026-03-12/04-38-27/job0_model=gru_ctc,trainer.devices=1,trainer.max_epochs=50,user=single_user/checkpoints/epoch=17-step=2160.ckpt' as top 1
Epoch 18, global step 2280: 'val/CER' reached 64.90917 (best 64.90917), saving model to '/home/su5ti/emg2qwerty/logs/2026-03-12/04-38-27/job0_model=gru_ctc,trainer.devices=1,trainer.max_epochs=50,user=single_user/checkpoints/epoch=18-step=2280.ckpt' as top 1
Epoch 19, global step 2400: 'val/CER' reached 59.19362 (best 59.19362), saving model to '/home/su5ti/emg2qwerty/logs/2026-03-12/04-38-27/job0_model=gru_ctc,trainer.devices=1,trainer.max_epochs=50,user=single_user/checkpoints/epoch=19-step=2400.ckpt' as top 1
Epoch 20, global step 2520: 'val/CER' reached 55.60479 (best 55.60479), saving model to '/home/su5ti/emg2qwerty/logs/2026-03-12/04-38-27/job0_model=gru_ctc,trainer.devices=1,trainer.max_epochs=50,user=single_user/checkpoints/epoch=20-step=2520.ckpt' as top 1
Epoch 21, global step 2640: 'val/CER' reached 54.96234 (best 54.96234), saving model to '/home/su5ti/emg2qwerty/logs/2026-03-12/04-38-27/job0_model=gru_ctc,trainer.devices=1,trainer.max_epochs=50,user=single_user/checkpoints/epoch=21-step=2640.ckpt' as top 1
Epoch 22, global step 2760: 'val/CER' reached 49.26894 (best 49.26894), saving model to '/home/su5ti/emg2qwerty/logs/2026-03-12/04-38-27/job0_model=gru_ctc,trainer.devices=1,trainer.max_epochs=50,user=single_user/checkpoints/epoch=22-step=2760.ckpt' as top 1
Epoch 23, global step 2880: 'val/CER' reached 47.58529 (best 47.58529), saving model to '/home/su5ti/emg2qwerty/logs/2026-03-12/04-38-27/job0_model=gru_ctc,trainer.devices=1,trainer.max_epochs=50,user=single_user/checkpoints/epoch=23-step=2880.ckpt' as top 1
Epoch 24, global step 3000: 'val/CER' reached 46.76562 (best 46.76562), saving model to '/home/su5ti/emg2qwerty/logs/2026-03-12/04-38-27/job0_model=gru_ctc,trainer.devices=1,trainer.max_epochs=50,user=single_user/checkpoints/epoch=24-step=3000.ckpt' as top 1
Epoch 25, global step 3120: 'val/CER' reached 45.59149 (best 45.59149), saving model to '/home/su5ti/emg2qwerty/logs/2026-03-12/04-38-27/job0_model=gru_ctc,trainer.devices=1,trainer.max_epochs=50,user=single_user/checkpoints/epoch=25-step=3120.ckpt' as top 1
Epoch 26, global step 3240: 'val/CER' reached 44.30660 (best 44.30660), saving model to '/home/su5ti/emg2qwerty/logs/2026-03-12/04-38-27/job0_model=gru_ctc,trainer.devices=1,trainer.max_epochs=50,user=single_user/checkpoints/epoch=26-step=3240.ckpt' as top 1
Epoch 27, global step 3360: 'val/CER' reached 41.64820 (best 41.64820), saving model to '/home/su5ti/emg2qwerty/logs/2026-03-12/04-38-27/job0_model=gru_ctc,trainer.devices=1,trainer.max_epochs=50,user=single_user/checkpoints/epoch=27-step=3360.ckpt' as top 1
Epoch 28, global step 3480: 'val/CER' reached 40.96145 (best 40.96145), saving model to '/home/su5ti/emg2qwerty/logs/2026-03-12/04-38-27/job0_model=gru_ctc,trainer.devices=1,trainer.max_epochs=50,user=single_user/checkpoints/epoch=28-step=3480.ckpt' as top 1
Epoch 29, global step 3600: 'val/CER' reached 39.85379 (best 39.85379), saving model to '/home/su5ti/emg2qwerty/logs/2026-03-12/04-38-27/job0_model=gru_ctc,trainer.devices=1,trainer.max_epochs=50,user=single_user/checkpoints/epoch=29-step=3600.ckpt' as top 1
Epoch 30, global step 3720: 'val/CER' reached 38.14798 (best 38.14798), saving model to '/home/su5ti/emg2qwerty/logs/2026-03-12/04-38-27/job0_model=gru_ctc,trainer.devices=1,trainer.max_epochs=50,user=single_user/checkpoints/epoch=30-step=3720.ckpt' as top 1
Epoch 31, global step 3840: 'val/CER' reached 36.39787 (best 36.39787), saving model to '/home/su5ti/emg2qwerty/logs/2026-03-12/04-38-27/job0_model=gru_ctc,trainer.devices=1,trainer.max_epochs=50,user=single_user/checkpoints/epoch=31-step=3840.ckpt' as top 1
Epoch 32, global step 3960: 'val/CER' reached 35.53389 (best 35.53389), saving model to '/home/su5ti/emg2qwerty/logs/2026-03-12/04-38-27/job0_model=gru_ctc,trainer.devices=1,trainer.max_epochs=50,user=single_user/checkpoints/epoch=32-step=3960.ckpt' as top 1
Epoch 33, global step 4080: 'val/CER' reached 35.42313 (best 35.42313), saving model to '/home/su5ti/emg2qwerty/logs/2026-03-12/04-38-27/job0_model=gru_ctc,trainer.devices=1,trainer.max_epochs=50,user=single_user/checkpoints/epoch=33-step=4080.ckpt' as top 1
Epoch 34, global step 4200: 'val/CER' reached 33.96101 (best 33.96101), saving model to '/home/su5ti/emg2qwerty/logs/2026-03-12/04-38-27/job0_model=gru_ctc,trainer.devices=1,trainer.max_epochs=50,user=single_user/checkpoints/epoch=34-step=4200.ckpt' as top 1
Epoch 35, global step 4320: 'val/CER' was not in top 1
Epoch 36, global step 4440: 'val/CER' reached 33.51794 (best 33.51794), saving model to '/home/su5ti/emg2qwerty/logs/2026-03-12/04-38-27/job0_model=gru_ctc,trainer.devices=1,trainer.max_epochs=50,user=single_user/checkpoints/epoch=36-step=4440.ckpt' as top 1
Epoch 37, global step 4560: 'val/CER' reached 33.31857 (best 33.31857), saving model to '/home/su5ti/emg2qwerty/logs/2026-03-12/04-38-27/job0_model=gru_ctc,trainer.devices=1,trainer.max_epochs=50,user=single_user/checkpoints/epoch=37-step=4560.ckpt' as top 1
Epoch 38, global step 4680: 'val/CER' was not in top 1
Epoch 39, global step 4800: 'val/CER' reached 32.29951 (best 32.29951), saving model to '/home/su5ti/emg2qwerty/logs/2026-03-12/04-38-27/job0_model=gru_ctc,trainer.devices=1,trainer.max_epochs=50,user=single_user/checkpoints/epoch=39-step=4800.ckpt' as top 1
Epoch 40, global step 4920: 'val/CER' was not in top 1
Epoch 41, global step 5040: 'val/CER' reached 31.70137 (best 31.70137), saving model to '/home/su5ti/emg2qwerty/logs/2026-03-12/04-38-27/job0_model=gru_ctc,trainer.devices=1,trainer.max_epochs=50,user=single_user/checkpoints/epoch=41-step=5040.ckpt' as top 1
Epoch 42, global step 5160: 'val/CER' was not in top 1
Epoch 43, global step 5280: 'val/CER' reached 30.59371 (best 30.59371), saving model to '/home/su5ti/emg2qwerty/logs/2026-03-12/04-38-27/job0_model=gru_ctc,trainer.devices=1,trainer.max_epochs=50,user=single_user/checkpoints/epoch=43-step=5280.ckpt' as top 1
Epoch 44, global step 5400: 'val/CER' was not in top 1
Epoch 45, global step 5520: 'val/CER' was not in top 1
Epoch 46, global step 5640: 'val/CER' reached 30.01772 (best 30.01772), saving model to '/home/su5ti/emg2qwerty/logs/2026-03-12/04-38-27/job0_model=gru_ctc,trainer.devices=1,trainer.max_epochs=50,user=single_user/checkpoints/epoch=46-step=5640.ckpt' as top 1
Epoch 47, global step 5760: 'val/CER' reached 29.97342 (best 29.97342), saving model to '/home/su5ti/emg2qwerty/logs/2026-03-12/04-38-27/job0_model=gru_ctc,trainer.devices=1,trainer.max_epochs=50,user=single_user/checkpoints/epoch=47-step=5760.ckpt' as top 1
Epoch 48, global step 5880: 'val/CER' reached 29.61896 (best 29.61896), saving model to '/home/su5ti/emg2qwerty/logs/2026-03-12/04-38-27/job0_model=gru_ctc,trainer.devices=1,trainer.max_epochs=50,user=single_user/checkpoints/epoch=48-step=5880.ckpt' as top 1
Epoch 49, global step 6000: 'val/CER' was not in top 1
`Trainer.fit` stopped: `max_epochs=50` reached.
LOCAL_RANK: 0 - CUDA_VISIBLE_DEVICES: [0]
LOCAL_RANK: 0 - CUDA_VISIBLE_DEVICES: [0]
