Global seed set to 1501
GPU available: True (cuda), used: True
TPU available: False, using: 0 TPU cores
IPU available: False, using: 0 IPUs
HPU available: False, using: 0 HPUs
Missing logger folder: /home/su5ti/emg2qwerty/logs/2026-03-09/01-56-42/job0_model=cnn_gru_ctc,trainer.devices=1,trainer.max_epochs=50,user=single_user/lightning_logs
LOCAL_RANK: 0 - CUDA_VISIBLE_DEVICES: [0]
/opt/conda/envs/emg2qwerty/lib/python3.10/site-packages/pl_bolts/__init__.py:11: FutureWarning: In the future `np.object` will be defined as the corresponding NumPy scalar.
  if not hasattr(numpy, tp_name):
/opt/conda/envs/emg2qwerty/lib/python3.10/site-packages/pl_bolts/__init__.py:11: FutureWarning: In the future `np.bool` will be defined as the corresponding NumPy scalar.
  if not hasattr(numpy, tp_name):
/opt/conda/envs/emg2qwerty/lib/python3.10/site-packages/pl_bolts/models/self_supervised/amdim/amdim_module.py:34: UnderReviewWarning: The feature generate_power_seq is currently marked under review. The compatibility with other Lightning projects is not guaranteed and API may change at any time. The API and functionality may change without warning in future releases. More details: https://lightning-bolts.readthedocs.io/en/latest/stability.html
  "lr_options": generate_power_seq(LEARNING_RATE_CIFAR, 11),
/opt/conda/envs/emg2qwerty/lib/python3.10/site-packages/pl_bolts/models/self_supervised/amdim/amdim_module.py:92: UnderReviewWarning: The feature FeatureMapContrastiveTask is currently marked under review. The compatibility with other Lightning projects is not guaranteed and API may change at any time. The API and functionality may change without warning in future releases. More details: https://lightning-bolts.readthedocs.io/en/latest/stability.html
  contrastive_task: Union[FeatureMapContrastiveTask] = FeatureMapContrastiveTask("01, 02, 11"),
/opt/conda/envs/emg2qwerty/lib/python3.10/site-packages/pl_bolts/losses/self_supervised_learning.py:228: UnderReviewWarning: The feature AmdimNCELoss is currently marked under review. The compatibility with other Lightning projects is not guaranteed and API may change at any time. The API and functionality may change without warning in future releases. More details: https://lightning-bolts.readthedocs.io/en/latest/stability.html
  self.nce_loss = AmdimNCELoss(tclip)
/opt/conda/envs/emg2qwerty/lib/python3.10/site-packages/hydra/_internal/instantiate/_instantiate2.py:92: UnderReviewWarning: The feature LinearWarmupCosineAnnealingLR is currently marked under review. The compatibility with other Lightning projects is not guaranteed and API may change at any time. The API and functionality may change without warning in future releases. More details: https://lightning-bolts.readthedocs.io/en/latest/stability.html
  return _target_(*args, **kwargs)

  | Name          | Type           | Params
-------------------------------------------------
0 | temporal_conv | TemporalConv1D | 295 K 
1 | encoder       | GRUEncoder     | 6.5 M 
2 | model         | Sequential     | 7.3 M 
3 | ctc_loss      | CTCLoss        | 0     
4 | metrics       | ModuleDict     | 0     
-------------------------------------------------
7.3 M     Trainable params
0         Non-trainable params
7.3 M     Total params
29.118    Total estimated model params size (MB)
/opt/conda/envs/emg2qwerty/lib/python3.10/site-packages/torch/utils/data/dataloader.py:558: UserWarning: This DataLoader will create 4 worker processes in total. Our suggested max number of worker in current system is 2, which is smaller than what this DataLoader is going to create. Please be aware that excessive worker creation might get DataLoader running slow or even freeze, lower the worker number to avoid potential slowness/freeze if necessary.
  warnings.warn(_create_warning_msg(
Epoch 0, global step 120: 'val/CER' reached 97.89544 (best 97.89544), saving model to '/home/su5ti/emg2qwerty/logs/2026-03-09/01-56-42/job0_model=cnn_gru_ctc,trainer.devices=1,trainer.max_epochs=50,user=single_user/checkpoints/epoch=0-step=120.ckpt' as top 1
Epoch 1, global step 240: 'val/CER' was not in top 1
Epoch 2, global step 360: 'val/CER' was not in top 1
Epoch 3, global step 480: 'val/CER' was not in top 1
Epoch 4, global step 600: 'val/CER' was not in top 1
Epoch 5, global step 720: 'val/CER' was not in top 1
Epoch 6, global step 840: 'val/CER' was not in top 1
Epoch 7, global step 960: 'val/CER' was not in top 1
Epoch 8, global step 1080: 'val/CER' was not in top 1
Epoch 9, global step 1200: 'val/CER' was not in top 1
Epoch 10, global step 1320: 'val/CER' was not in top 1
Epoch 11, global step 1440: 'val/CER' was not in top 1
Epoch 12, global step 1560: 'val/CER' was not in top 1
Epoch 13, global step 1680: 'val/CER' was not in top 1
Epoch 14, global step 1800: 'val/CER' reached 90.47408 (best 90.47408), saving model to '/home/su5ti/emg2qwerty/logs/2026-03-09/01-56-42/job0_model=cnn_gru_ctc,trainer.devices=1,trainer.max_epochs=50,user=single_user/checkpoints/epoch=14-step=1800.ckpt' as top 1
Epoch 15, global step 1920: 'val/CER' reached 54.60789 (best 54.60789), saving model to '/home/su5ti/emg2qwerty/logs/2026-03-09/01-56-42/job0_model=cnn_gru_ctc,trainer.devices=1,trainer.max_epochs=50,user=single_user/checkpoints/epoch=15-step=1920.ckpt' as top 1
Epoch 16, global step 2040: 'val/CER' reached 41.80328 (best 41.80328), saving model to '/home/su5ti/emg2qwerty/logs/2026-03-09/01-56-42/job0_model=cnn_gru_ctc,trainer.devices=1,trainer.max_epochs=50,user=single_user/checkpoints/epoch=16-step=2040.ckpt' as top 1
Epoch 17, global step 2160: 'val/CER' reached 41.40452 (best 41.40452), saving model to '/home/su5ti/emg2qwerty/logs/2026-03-09/01-56-42/job0_model=cnn_gru_ctc,trainer.devices=1,trainer.max_epochs=50,user=single_user/checkpoints/epoch=17-step=2160.ckpt' as top 1
Epoch 18, global step 2280: 'val/CER' reached 38.19229 (best 38.19229), saving model to '/home/su5ti/emg2qwerty/logs/2026-03-09/01-56-42/job0_model=cnn_gru_ctc,trainer.devices=1,trainer.max_epochs=50,user=single_user/checkpoints/epoch=18-step=2280.ckpt' as top 1
Epoch 19, global step 2400: 'val/CER' reached 34.60345 (best 34.60345), saving model to '/home/su5ti/emg2qwerty/logs/2026-03-09/01-56-42/job0_model=cnn_gru_ctc,trainer.devices=1,trainer.max_epochs=50,user=single_user/checkpoints/epoch=19-step=2400.ckpt' as top 1
Epoch 20, global step 2520: 'val/CER' was not in top 1
Epoch 21, global step 2640: 'val/CER' reached 31.85645 (best 31.85645), saving model to '/home/su5ti/emg2qwerty/logs/2026-03-09/01-56-42/job0_model=cnn_gru_ctc,trainer.devices=1,trainer.max_epochs=50,user=single_user/checkpoints/epoch=21-step=2640.ckpt' as top 1
Epoch 22, global step 2760: 'val/CER' was not in top 1
Epoch 23, global step 2880: 'val/CER' reached 29.02082 (best 29.02082), saving model to '/home/su5ti/emg2qwerty/logs/2026-03-09/01-56-42/job0_model=cnn_gru_ctc,trainer.devices=1,trainer.max_epochs=50,user=single_user/checkpoints/epoch=23-step=2880.ckpt' as top 1
Epoch 24, global step 3000: 'val/CER' reached 28.82144 (best 28.82144), saving model to '/home/su5ti/emg2qwerty/logs/2026-03-09/01-56-42/job0_model=cnn_gru_ctc,trainer.devices=1,trainer.max_epochs=50,user=single_user/checkpoints/epoch=24-step=3000.ckpt' as top 1
Epoch 25, global step 3120: 'val/CER' reached 26.71688 (best 26.71688), saving model to '/home/su5ti/emg2qwerty/logs/2026-03-09/01-56-42/job0_model=cnn_gru_ctc,trainer.devices=1,trainer.max_epochs=50,user=single_user/checkpoints/epoch=25-step=3120.ckpt' as top 1
Epoch 26, global step 3240: 'val/CER' was not in top 1
Epoch 27, global step 3360: 'val/CER' was not in top 1
Epoch 28, global step 3480: 'val/CER' reached 25.25476 (best 25.25476), saving model to '/home/su5ti/emg2qwerty/logs/2026-03-09/01-56-42/job0_model=cnn_gru_ctc,trainer.devices=1,trainer.max_epochs=50,user=single_user/checkpoints/epoch=28-step=3480.ckpt' as top 1
Epoch 29, global step 3600: 'val/CER' was not in top 1
Epoch 30, global step 3720: 'val/CER' reached 22.86221 (best 22.86221), saving model to '/home/su5ti/emg2qwerty/logs/2026-03-09/01-56-42/job0_model=cnn_gru_ctc,trainer.devices=1,trainer.max_epochs=50,user=single_user/checkpoints/epoch=30-step=3720.ckpt' as top 1
Epoch 31, global step 3840: 'val/CER' was not in top 1
Epoch 32, global step 3960: 'val/CER' reached 22.26407 (best 22.26407), saving model to '/home/su5ti/emg2qwerty/logs/2026-03-09/01-56-42/job0_model=cnn_gru_ctc,trainer.devices=1,trainer.max_epochs=50,user=single_user/checkpoints/epoch=32-step=3960.ckpt' as top 1
Epoch 33, global step 4080: 'val/CER' reached 21.88746 (best 21.88746), saving model to '/home/su5ti/emg2qwerty/logs/2026-03-09/01-56-42/job0_model=cnn_gru_ctc,trainer.devices=1,trainer.max_epochs=50,user=single_user/checkpoints/epoch=33-step=4080.ckpt' as top 1
Epoch 34, global step 4200: 'val/CER' reached 21.68808 (best 21.68808), saving model to '/home/su5ti/emg2qwerty/logs/2026-03-09/01-56-42/job0_model=cnn_gru_ctc,trainer.devices=1,trainer.max_epochs=50,user=single_user/checkpoints/epoch=34-step=4200.ckpt' as top 1
Epoch 35, global step 4320: 'val/CER' reached 21.64377 (best 21.64377), saving model to '/home/su5ti/emg2qwerty/logs/2026-03-09/01-56-42/job0_model=cnn_gru_ctc,trainer.devices=1,trainer.max_epochs=50,user=single_user/checkpoints/epoch=35-step=4320.ckpt' as top 1
Epoch 36, global step 4440: 'val/CER' reached 21.15640 (best 21.15640), saving model to '/home/su5ti/emg2qwerty/logs/2026-03-09/01-56-42/job0_model=cnn_gru_ctc,trainer.devices=1,trainer.max_epochs=50,user=single_user/checkpoints/epoch=36-step=4440.ckpt' as top 1
Epoch 37, global step 4560: 'val/CER' reached 20.18166 (best 20.18166), saving model to '/home/su5ti/emg2qwerty/logs/2026-03-09/01-56-42/job0_model=cnn_gru_ctc,trainer.devices=1,trainer.max_epochs=50,user=single_user/checkpoints/epoch=37-step=4560.ckpt' as top 1
Epoch 38, global step 4680: 'val/CER' reached 20.02658 (best 20.02658), saving model to '/home/su5ti/emg2qwerty/logs/2026-03-09/01-56-42/job0_model=cnn_gru_ctc,trainer.devices=1,trainer.max_epochs=50,user=single_user/checkpoints/epoch=38-step=4680.ckpt' as top 1
Epoch 39, global step 4800: 'val/CER' was not in top 1
Epoch 40, global step 4920: 'val/CER' reached 19.76074 (best 19.76074), saving model to '/home/su5ti/emg2qwerty/logs/2026-03-09/01-56-42/job0_model=cnn_gru_ctc,trainer.devices=1,trainer.max_epochs=50,user=single_user/checkpoints/epoch=40-step=4920.ckpt' as top 1
Epoch 41, global step 5040: 'val/CER' was not in top 1
Epoch 42, global step 5160: 'val/CER' reached 19.69428 (best 19.69428), saving model to '/home/su5ti/emg2qwerty/logs/2026-03-09/01-56-42/job0_model=cnn_gru_ctc,trainer.devices=1,trainer.max_epochs=50,user=single_user/checkpoints/epoch=42-step=5160.ckpt' as top 1
Epoch 43, global step 5280: 'val/CER' reached 19.62782 (best 19.62782), saving model to '/home/su5ti/emg2qwerty/logs/2026-03-09/01-56-42/job0_model=cnn_gru_ctc,trainer.devices=1,trainer.max_epochs=50,user=single_user/checkpoints/epoch=43-step=5280.ckpt' as top 1
Epoch 44, global step 5400: 'val/CER' reached 19.11830 (best 19.11830), saving model to '/home/su5ti/emg2qwerty/logs/2026-03-09/01-56-42/job0_model=cnn_gru_ctc,trainer.devices=1,trainer.max_epochs=50,user=single_user/checkpoints/epoch=44-step=5400.ckpt' as top 1
Epoch 45, global step 5520: 'val/CER' reached 19.02969 (best 19.02969), saving model to '/home/su5ti/emg2qwerty/logs/2026-03-09/01-56-42/job0_model=cnn_gru_ctc,trainer.devices=1,trainer.max_epochs=50,user=single_user/checkpoints/epoch=45-step=5520.ckpt' as top 1
Epoch 46, global step 5640: 'val/CER' reached 18.71954 (best 18.71954), saving model to '/home/su5ti/emg2qwerty/logs/2026-03-09/01-56-42/job0_model=cnn_gru_ctc,trainer.devices=1,trainer.max_epochs=50,user=single_user/checkpoints/epoch=46-step=5640.ckpt' as top 1
Epoch 47, global step 5760: 'val/CER' reached 18.58662 (best 18.58662), saving model to '/home/su5ti/emg2qwerty/logs/2026-03-09/01-56-42/job0_model=cnn_gru_ctc,trainer.devices=1,trainer.max_epochs=50,user=single_user/checkpoints/epoch=47-step=5760.ckpt' as top 1
Epoch 48, global step 5880: 'val/CER' reached 18.54231 (best 18.54231), saving model to '/home/su5ti/emg2qwerty/logs/2026-03-09/01-56-42/job0_model=cnn_gru_ctc,trainer.devices=1,trainer.max_epochs=50,user=single_user/checkpoints/epoch=48-step=5880.ckpt' as top 1
Epoch 49, global step 6000: 'val/CER' reached 18.29863 (best 18.29863), saving model to '/home/su5ti/emg2qwerty/logs/2026-03-09/01-56-42/job0_model=cnn_gru_ctc,trainer.devices=1,trainer.max_epochs=50,user=single_user/checkpoints/epoch=49-step=6000.ckpt' as top 1
`Trainer.fit` stopped: `max_epochs=50` reached.
LOCAL_RANK: 0 - CUDA_VISIBLE_DEVICES: [0]
LOCAL_RANK: 0 - CUDA_VISIBLE_DEVICES: [0]
