/opt/conda/envs/emg2qwerty/lib/python3.11/site-packages/sympy/external/gmpy.py:139: UserWarning: gmpy2 version is too old to use (2.0.0 or newer required)
  gmpy = import_module('gmpy2', min_module_version=_GMPY2_MIN_VERSION,
Global seed set to 1501
GPU available: True (cuda), used: True
TPU available: False, using: 0 TPU cores
IPU available: False, using: 0 IPUs
HPU available: False, using: 0 HPUs
Missing logger folder: /home/nikhil/proj/ECE-C147A-EMG/logs/2026-03-12/22-34-40/job0_trainer.devices=1,trainer.max_epochs=50,user=single_user/lightning_logs
LOCAL_RANK: 0 - CUDA_VISIBLE_DEVICES: [0]
/opt/conda/envs/emg2qwerty/lib/python3.11/site-packages/pl_bolts/__init__.py:11: FutureWarning: In the future `np.object` will be defined as the corresponding NumPy scalar.
  if not hasattr(numpy, tp_name):
/opt/conda/envs/emg2qwerty/lib/python3.11/site-packages/pl_bolts/__init__.py:11: FutureWarning: In the future `np.bool` will be defined as the corresponding NumPy scalar.
  if not hasattr(numpy, tp_name):
/opt/conda/envs/emg2qwerty/lib/python3.11/site-packages/pl_bolts/models/self_supervised/amdim/amdim_module.py:34: UnderReviewWarning: The feature generate_power_seq is currently marked under review. The compatibility with other Lightning projects is not guaranteed and API may change at any time. The API and functionality may change without warning in future releases. More details: https://lightning-bolts.readthedocs.io/en/latest/stability.html
  "lr_options": generate_power_seq(LEARNING_RATE_CIFAR, 11),
/opt/conda/envs/emg2qwerty/lib/python3.11/site-packages/pl_bolts/models/self_supervised/amdim/amdim_module.py:92: UnderReviewWarning: The feature FeatureMapContrastiveTask is currently marked under review. The compatibility with other Lightning projects is not guaranteed and API may change at any time. The API and functionality may change without warning in future releases. More details: https://lightning-bolts.readthedocs.io/en/latest/stability.html
  contrastive_task: Union[FeatureMapContrastiveTask] = FeatureMapContrastiveTask("01, 02, 11"),
/opt/conda/envs/emg2qwerty/lib/python3.11/site-packages/pl_bolts/losses/self_supervised_learning.py:228: UnderReviewWarning: The feature AmdimNCELoss is currently marked under review. The compatibility with other Lightning projects is not guaranteed and API may change at any time. The API and functionality may change without warning in future releases. More details: https://lightning-bolts.readthedocs.io/en/latest/stability.html
  self.nce_loss = AmdimNCELoss(tclip)
/opt/conda/envs/emg2qwerty/lib/python3.11/site-packages/hydra/_internal/instantiate/_instantiate2.py:92: UnderReviewWarning: The feature LinearWarmupCosineAnnealingLR is currently marked under review. The compatibility with other Lightning projects is not guaranteed and API may change at any time. The API and functionality may change without warning in future releases. More details: https://lightning-bolts.readthedocs.io/en/latest/stability.html
  return _target_(*args, **kwargs)

  | Name     | Type       | Params
----------------------------------------
0 | encoder  | LSTMModel  | 3.5 M 
1 | model    | Sequential | 4.0 M 
2 | ctc_loss | CTCLoss    | 0     
3 | metrics  | ModuleDict | 0     
----------------------------------------
4.0 M     Trainable params
0         Non-trainable params
4.0 M     Total params
16.110    Total estimated model params size (MB)
Epoch 0, global step 120: 'val/CER' reached 1153.07935 (best 1153.07935), saving model to '/home/nikhil/proj/ECE-C147A-EMG/logs/2026-03-12/22-34-40/job0_trainer.devices=1,trainer.max_epochs=50,user=single_user/checkpoints/epoch=0-step=120.ckpt' as top 1
Epoch 1, global step 240: 'val/CER' reached 100.00000 (best 100.00000), saving model to '/home/nikhil/proj/ECE-C147A-EMG/logs/2026-03-12/22-34-40/job0_trainer.devices=1,trainer.max_epochs=50,user=single_user/checkpoints/epoch=1-step=240.ckpt' as top 1
Epoch 2, global step 360: 'val/CER' was not in top 1
Epoch 3, global step 480: 'val/CER' was not in top 1
Epoch 4, global step 600: 'val/CER' was not in top 1
Epoch 5, global step 720: 'val/CER' was not in top 1
Epoch 6, global step 840: 'val/CER' was not in top 1
Epoch 7, global step 960: 'val/CER' was not in top 1
Epoch 8, global step 1080: 'val/CER' was not in top 1
Epoch 9, global step 1200: 'val/CER' was not in top 1
Epoch 10, global step 1320: 'val/CER' reached 99.80062 (best 99.80062), saving model to '/home/nikhil/proj/ECE-C147A-EMG/logs/2026-03-12/22-34-40/job0_trainer.devices=1,trainer.max_epochs=50,user=single_user/checkpoints/epoch=10-step=1320.ckpt' as top 1
Epoch 11, global step 1440: 'val/CER' reached 99.37971 (best 99.37971), saving model to '/home/nikhil/proj/ECE-C147A-EMG/logs/2026-03-12/22-34-40/job0_trainer.devices=1,trainer.max_epochs=50,user=single_user/checkpoints/epoch=11-step=1440.ckpt' as top 1
Epoch 12, global step 1560: 'val/CER' reached 97.65175 (best 97.65175), saving model to '/home/nikhil/proj/ECE-C147A-EMG/logs/2026-03-12/22-34-40/job0_trainer.devices=1,trainer.max_epochs=50,user=single_user/checkpoints/epoch=12-step=1560.ckpt' as top 1
Epoch 13, global step 1680: 'val/CER' reached 93.88569 (best 93.88569), saving model to '/home/nikhil/proj/ECE-C147A-EMG/logs/2026-03-12/22-34-40/job0_trainer.devices=1,trainer.max_epochs=50,user=single_user/checkpoints/epoch=13-step=1680.ckpt' as top 1
Epoch 14, global step 1800: 'val/CER' reached 91.93620 (best 91.93620), saving model to '/home/nikhil/proj/ECE-C147A-EMG/logs/2026-03-12/22-34-40/job0_trainer.devices=1,trainer.max_epochs=50,user=single_user/checkpoints/epoch=14-step=1800.ckpt' as top 1
Epoch 15, global step 1920: 'val/CER' reached 88.90120 (best 88.90120), saving model to '/home/nikhil/proj/ECE-C147A-EMG/logs/2026-03-12/22-34-40/job0_trainer.devices=1,trainer.max_epochs=50,user=single_user/checkpoints/epoch=15-step=1920.ckpt' as top 1
Epoch 16, global step 2040: 'val/CER' reached 85.13513 (best 85.13513), saving model to '/home/nikhil/proj/ECE-C147A-EMG/logs/2026-03-12/22-34-40/job0_trainer.devices=1,trainer.max_epochs=50,user=single_user/checkpoints/epoch=16-step=2040.ckpt' as top 1
Epoch 17, global step 2160: 'val/CER' reached 83.07487 (best 83.07487), saving model to '/home/nikhil/proj/ECE-C147A-EMG/logs/2026-03-12/22-34-40/job0_trainer.devices=1,trainer.max_epochs=50,user=single_user/checkpoints/epoch=17-step=2160.ckpt' as top 1
Epoch 18, global step 2280: 'val/CER' reached 76.69473 (best 76.69473), saving model to '/home/nikhil/proj/ECE-C147A-EMG/logs/2026-03-12/22-34-40/job0_trainer.devices=1,trainer.max_epochs=50,user=single_user/checkpoints/epoch=18-step=2280.ckpt' as top 1
Epoch 19, global step 2400: 'val/CER' reached 71.31148 (best 71.31148), saving model to '/home/nikhil/proj/ECE-C147A-EMG/logs/2026-03-12/22-34-40/job0_trainer.devices=1,trainer.max_epochs=50,user=single_user/checkpoints/epoch=19-step=2400.ckpt' as top 1
Epoch 20, global step 2520: 'val/CER' reached 64.62118 (best 64.62118), saving model to '/home/nikhil/proj/ECE-C147A-EMG/logs/2026-03-12/22-34-40/job0_trainer.devices=1,trainer.max_epochs=50,user=single_user/checkpoints/epoch=20-step=2520.ckpt' as top 1
Epoch 21, global step 2640: 'val/CER' reached 63.66859 (best 63.66859), saving model to '/home/nikhil/proj/ECE-C147A-EMG/logs/2026-03-12/22-34-40/job0_trainer.devices=1,trainer.max_epochs=50,user=single_user/checkpoints/epoch=21-step=2640.ckpt' as top 1
Epoch 22, global step 2760: 'val/CER' reached 59.43731 (best 59.43731), saving model to '/home/nikhil/proj/ECE-C147A-EMG/logs/2026-03-12/22-34-40/job0_trainer.devices=1,trainer.max_epochs=50,user=single_user/checkpoints/epoch=22-step=2760.ckpt' as top 1
Epoch 23, global step 2880: 'val/CER' reached 54.12051 (best 54.12051), saving model to '/home/nikhil/proj/ECE-C147A-EMG/logs/2026-03-12/22-34-40/job0_trainer.devices=1,trainer.max_epochs=50,user=single_user/checkpoints/epoch=23-step=2880.ckpt' as top 1
Epoch 24, global step 3000: 'val/CER' reached 51.77226 (best 51.77226), saving model to '/home/nikhil/proj/ECE-C147A-EMG/logs/2026-03-12/22-34-40/job0_trainer.devices=1,trainer.max_epochs=50,user=single_user/checkpoints/epoch=24-step=3000.ckpt' as top 1
Epoch 25, global step 3120: 'val/CER' reached 50.44307 (best 50.44307), saving model to '/home/nikhil/proj/ECE-C147A-EMG/logs/2026-03-12/22-34-40/job0_trainer.devices=1,trainer.max_epochs=50,user=single_user/checkpoints/epoch=25-step=3120.ckpt' as top 1
Epoch 26, global step 3240: 'val/CER' reached 48.84803 (best 48.84803), saving model to '/home/nikhil/proj/ECE-C147A-EMG/logs/2026-03-12/22-34-40/job0_trainer.devices=1,trainer.max_epochs=50,user=single_user/checkpoints/epoch=26-step=3240.ckpt' as top 1
Epoch 27, global step 3360: 'val/CER' reached 43.11032 (best 43.11032), saving model to '/home/nikhil/proj/ECE-C147A-EMG/logs/2026-03-12/22-34-40/job0_trainer.devices=1,trainer.max_epochs=50,user=single_user/checkpoints/epoch=27-step=3360.ckpt' as top 1
Epoch 28, global step 3480: 'val/CER' was not in top 1
Epoch 29, global step 3600: 'val/CER' was not in top 1
Epoch 30, global step 3720: 'val/CER' reached 38.19229 (best 38.19229), saving model to '/home/nikhil/proj/ECE-C147A-EMG/logs/2026-03-12/22-34-40/job0_trainer.devices=1,trainer.max_epochs=50,user=single_user/checkpoints/epoch=30-step=3720.ckpt' as top 1
Epoch 31, global step 3840: 'val/CER' was not in top 1
Epoch 32, global step 3960: 'val/CER' reached 37.77138 (best 37.77138), saving model to '/home/nikhil/proj/ECE-C147A-EMG/logs/2026-03-12/22-34-40/job0_trainer.devices=1,trainer.max_epochs=50,user=single_user/checkpoints/epoch=32-step=3960.ckpt' as top 1
Epoch 33, global step 4080: 'val/CER' reached 37.37262 (best 37.37262), saving model to '/home/nikhil/proj/ECE-C147A-EMG/logs/2026-03-12/22-34-40/job0_trainer.devices=1,trainer.max_epochs=50,user=single_user/checkpoints/epoch=33-step=4080.ckpt' as top 1
Epoch 34, global step 4200: 'val/CER' reached 34.53699 (best 34.53699), saving model to '/home/nikhil/proj/ECE-C147A-EMG/logs/2026-03-12/22-34-40/job0_trainer.devices=1,trainer.max_epochs=50,user=single_user/checkpoints/epoch=34-step=4200.ckpt' as top 1
Epoch 35, global step 4320: 'val/CER' was not in top 1
Epoch 36, global step 4440: 'val/CER' reached 33.67302 (best 33.67302), saving model to '/home/nikhil/proj/ECE-C147A-EMG/logs/2026-03-12/22-34-40/job0_trainer.devices=1,trainer.max_epochs=50,user=single_user/checkpoints/epoch=36-step=4440.ckpt' as top 1
Epoch 37, global step 4560: 'val/CER' reached 33.00842 (best 33.00842), saving model to '/home/nikhil/proj/ECE-C147A-EMG/logs/2026-03-12/22-34-40/job0_trainer.devices=1,trainer.max_epochs=50,user=single_user/checkpoints/epoch=37-step=4560.ckpt' as top 1
Epoch 38, global step 4680: 'val/CER' was not in top 1
Epoch 39, global step 4800: 'val/CER' reached 32.29951 (best 32.29951), saving model to '/home/nikhil/proj/ECE-C147A-EMG/logs/2026-03-12/22-34-40/job0_trainer.devices=1,trainer.max_epochs=50,user=single_user/checkpoints/epoch=39-step=4800.ckpt' as top 1
Epoch 40, global step 4920: 'val/CER' was not in top 1
Epoch 41, global step 5040: 'val/CER' reached 30.88170 (best 30.88170), saving model to '/home/nikhil/proj/ECE-C147A-EMG/logs/2026-03-12/22-34-40/job0_trainer.devices=1,trainer.max_epochs=50,user=single_user/checkpoints/epoch=41-step=5040.ckpt' as top 1
Epoch 42, global step 5160: 'val/CER' reached 30.74878 (best 30.74878), saving model to '/home/nikhil/proj/ECE-C147A-EMG/logs/2026-03-12/22-34-40/job0_trainer.devices=1,trainer.max_epochs=50,user=single_user/checkpoints/epoch=42-step=5160.ckpt' as top 1
Epoch 43, global step 5280: 'val/CER' reached 30.72663 (best 30.72663), saving model to '/home/nikhil/proj/ECE-C147A-EMG/logs/2026-03-12/22-34-40/job0_trainer.devices=1,trainer.max_epochs=50,user=single_user/checkpoints/epoch=43-step=5280.ckpt' as top 1
Epoch 44, global step 5400: 'val/CER' reached 30.61586 (best 30.61586), saving model to '/home/nikhil/proj/ECE-C147A-EMG/logs/2026-03-12/22-34-40/job0_trainer.devices=1,trainer.max_epochs=50,user=single_user/checkpoints/epoch=44-step=5400.ckpt' as top 1
Epoch 45, global step 5520: 'val/CER' was not in top 1
Epoch 46, global step 5640: 'val/CER' was not in top 1
Epoch 47, global step 5760: 'val/CER' reached 30.41648 (best 30.41648), saving model to '/home/nikhil/proj/ECE-C147A-EMG/logs/2026-03-12/22-34-40/job0_trainer.devices=1,trainer.max_epochs=50,user=single_user/checkpoints/epoch=47-step=5760.ckpt' as top 1
Epoch 48, global step 5880: 'val/CER' was not in top 1
Epoch 49, global step 6000: 'val/CER' reached 30.10634 (best 30.10634), saving model to '/home/nikhil/proj/ECE-C147A-EMG/logs/2026-03-12/22-34-40/job0_trainer.devices=1,trainer.max_epochs=50,user=single_user/checkpoints/epoch=49-step=6000.ckpt' as top 1
`Trainer.fit` stopped: `max_epochs=50` reached.
/opt/conda/envs/emg2qwerty/lib/python3.11/site-packages/lightning_fabric/utilities/cloud_io.py:51: FutureWarning: You are using `torch.load` with `weights_only=False` (the current default value), which uses the default pickle module implicitly. It is possible to construct malicious pickle data which will execute arbitrary code during unpickling (See https://github.com/pytorch/pytorch/blob/main/SECURITY.md#untrusted-models for more details). In a future release, the default value for `weights_only` will be flipped to `True`. This limits the functions that could be executed during unpickling. Arbitrary objects will no longer be allowed to be loaded via this mode unless they are explicitly allowlisted by the user via `torch.serialization.add_safe_globals`. We recommend you start setting `weights_only=True` for any use case where you don't have full control of the loaded file. Please open an issue on GitHub for any issues related to this experimental feature.
  return torch.load(f, map_location=map_location)  # type: ignore[arg-type]
LOCAL_RANK: 0 - CUDA_VISIBLE_DEVICES: [0]
LOCAL_RANK: 0 - CUDA_VISIBLE_DEVICES: [0]
