Global seed set to 1501
GPU available: True (cuda), used: True
TPU available: False, using: 0 TPU cores
IPU available: False, using: 0 IPUs
HPU available: False, using: 0 HPUs
Missing logger folder: /home/su5ti/emg2qwerty/logs/2026-03-13/04-57-53/job0_model=gru_ctc,trainer.devices=1,trainer.max_epochs=50,user=single_user/lightning_logs
LOCAL_RANK: 0 - CUDA_VISIBLE_DEVICES: [0]
/opt/conda/envs/emg2qwerty/lib/python3.10/site-packages/pl_bolts/__init__.py:11: FutureWarning: In the future `np.object` will be defined as the corresponding NumPy scalar.
  if not hasattr(numpy, tp_name):
/opt/conda/envs/emg2qwerty/lib/python3.10/site-packages/pl_bolts/__init__.py:11: FutureWarning: In the future `np.bool` will be defined as the corresponding NumPy scalar.
  if not hasattr(numpy, tp_name):
/opt/conda/envs/emg2qwerty/lib/python3.10/site-packages/pl_bolts/models/self_supervised/amdim/amdim_module.py:34: UnderReviewWarning: The feature generate_power_seq is currently marked under review. The compatibility with other Lightning projects is not guaranteed and API may change at any time. The API and functionality may change without warning in future releases. More details: https://lightning-bolts.readthedocs.io/en/latest/stability.html
  "lr_options": generate_power_seq(LEARNING_RATE_CIFAR, 11),
/opt/conda/envs/emg2qwerty/lib/python3.10/site-packages/pl_bolts/models/self_supervised/amdim/amdim_module.py:92: UnderReviewWarning: The feature FeatureMapContrastiveTask is currently marked under review. The compatibility with other Lightning projects is not guaranteed and API may change at any time. The API and functionality may change without warning in future releases. More details: https://lightning-bolts.readthedocs.io/en/latest/stability.html
  contrastive_task: Union[FeatureMapContrastiveTask] = FeatureMapContrastiveTask("01, 02, 11"),
/opt/conda/envs/emg2qwerty/lib/python3.10/site-packages/pl_bolts/losses/self_supervised_learning.py:228: UnderReviewWarning: The feature AmdimNCELoss is currently marked under review. The compatibility with other Lightning projects is not guaranteed and API may change at any time. The API and functionality may change without warning in future releases. More details: https://lightning-bolts.readthedocs.io/en/latest/stability.html
  self.nce_loss = AmdimNCELoss(tclip)
/opt/conda/envs/emg2qwerty/lib/python3.10/site-packages/hydra/_internal/instantiate/_instantiate2.py:92: UnderReviewWarning: The feature LinearWarmupCosineAnnealingLR is currently marked under review. The compatibility with other Lightning projects is not guaranteed and API may change at any time. The API and functionality may change without warning in future releases. More details: https://lightning-bolts.readthedocs.io/en/latest/stability.html
  return _target_(*args, **kwargs)

  | Name     | Type          | Params
-------------------------------------------
0 | encoder  | TDSGRUEncoder | 1.3 M 
1 | model    | Sequential    | 1.8 M 
2 | ctc_loss | CTCLoss       | 0     
3 | metrics  | ModuleDict    | 0     
-------------------------------------------
1.8 M     Trainable params
0         Non-trainable params
1.8 M     Total params
7.192     Total estimated model params size (MB)
/opt/conda/envs/emg2qwerty/lib/python3.10/site-packages/torch/utils/data/dataloader.py:558: UserWarning: This DataLoader will create 4 worker processes in total. Our suggested max number of worker in current system is 2, which is smaller than what this DataLoader is going to create. Please be aware that excessive worker creation might get DataLoader running slow or even freeze, lower the worker number to avoid potential slowness/freeze if necessary.
  warnings.warn(_create_warning_msg(
Epoch 0, global step 120: 'val/CER' reached 796.43329 (best 796.43329), saving model to '/home/su5ti/emg2qwerty/logs/2026-03-13/04-57-53/job0_model=gru_ctc,trainer.devices=1,trainer.max_epochs=50,user=single_user/checkpoints/epoch=0-step=120.ckpt' as top 1
Epoch 1, global step 240: 'val/CER' reached 100.00000 (best 100.00000), saving model to '/home/su5ti/emg2qwerty/logs/2026-03-13/04-57-53/job0_model=gru_ctc,trainer.devices=1,trainer.max_epochs=50,user=single_user/checkpoints/epoch=1-step=240.ckpt' as top 1
Epoch 2, global step 360: 'val/CER' was not in top 1
Epoch 3, global step 480: 'val/CER' was not in top 1
Epoch 4, global step 600: 'val/CER' was not in top 1
Epoch 5, global step 720: 'val/CER' was not in top 1
Epoch 6, global step 840: 'val/CER' was not in top 1
Epoch 7, global step 960: 'val/CER' was not in top 1
Epoch 8, global step 1080: 'val/CER' was not in top 1
Epoch 9, global step 1200: 'val/CER' reached 99.95570 (best 99.95570), saving model to '/home/su5ti/emg2qwerty/logs/2026-03-13/04-57-53/job0_model=gru_ctc,trainer.devices=1,trainer.max_epochs=50,user=single_user/checkpoints/epoch=9-step=1200.ckpt' as top 1
Epoch 10, global step 1320: 'val/CER' reached 95.05981 (best 95.05981), saving model to '/home/su5ti/emg2qwerty/logs/2026-03-13/04-57-53/job0_model=gru_ctc,trainer.devices=1,trainer.max_epochs=50,user=single_user/checkpoints/epoch=10-step=1320.ckpt' as top 1
Epoch 11, global step 1440: 'val/CER' reached 88.81258 (best 88.81258), saving model to '/home/su5ti/emg2qwerty/logs/2026-03-13/04-57-53/job0_model=gru_ctc,trainer.devices=1,trainer.max_epochs=50,user=single_user/checkpoints/epoch=11-step=1440.ckpt' as top 1
Epoch 12, global step 1560: 'val/CER' reached 87.77138 (best 87.77138), saving model to '/home/su5ti/emg2qwerty/logs/2026-03-13/04-57-53/job0_model=gru_ctc,trainer.devices=1,trainer.max_epochs=50,user=single_user/checkpoints/epoch=12-step=1560.ckpt' as top 1
Epoch 13, global step 1680: 'val/CER' reached 77.24856 (best 77.24856), saving model to '/home/su5ti/emg2qwerty/logs/2026-03-13/04-57-53/job0_model=gru_ctc,trainer.devices=1,trainer.max_epochs=50,user=single_user/checkpoints/epoch=13-step=1680.ckpt' as top 1
Epoch 14, global step 1800: 'val/CER' reached 59.83607 (best 59.83607), saving model to '/home/su5ti/emg2qwerty/logs/2026-03-13/04-57-53/job0_model=gru_ctc,trainer.devices=1,trainer.max_epochs=50,user=single_user/checkpoints/epoch=14-step=1800.ckpt' as top 1
Epoch 15, global step 1920: 'val/CER' reached 53.54453 (best 53.54453), saving model to '/home/su5ti/emg2qwerty/logs/2026-03-13/04-57-53/job0_model=gru_ctc,trainer.devices=1,trainer.max_epochs=50,user=single_user/checkpoints/epoch=15-step=1920.ckpt' as top 1
Epoch 16, global step 2040: 'val/CER' reached 47.82898 (best 47.82898), saving model to '/home/su5ti/emg2qwerty/logs/2026-03-13/04-57-53/job0_model=gru_ctc,trainer.devices=1,trainer.max_epochs=50,user=single_user/checkpoints/epoch=16-step=2040.ckpt' as top 1
Epoch 17, global step 2160: 'val/CER' was not in top 1
Epoch 18, global step 2280: 'val/CER' reached 42.24635 (best 42.24635), saving model to '/home/su5ti/emg2qwerty/logs/2026-03-13/04-57-53/job0_model=gru_ctc,trainer.devices=1,trainer.max_epochs=50,user=single_user/checkpoints/epoch=18-step=2280.ckpt' as top 1
Epoch 19, global step 2400: 'val/CER' was not in top 1
Epoch 20, global step 2520: 'val/CER' reached 39.38857 (best 39.38857), saving model to '/home/su5ti/emg2qwerty/logs/2026-03-13/04-57-53/job0_model=gru_ctc,trainer.devices=1,trainer.max_epochs=50,user=single_user/checkpoints/epoch=20-step=2520.ckpt' as top 1
Epoch 21, global step 2640: 'val/CER' reached 37.37262 (best 37.37262), saving model to '/home/su5ti/emg2qwerty/logs/2026-03-13/04-57-53/job0_model=gru_ctc,trainer.devices=1,trainer.max_epochs=50,user=single_user/checkpoints/epoch=21-step=2640.ckpt' as top 1
Epoch 22, global step 2760: 'val/CER' was not in top 1
Epoch 23, global step 2880: 'val/CER' reached 35.13514 (best 35.13514), saving model to '/home/su5ti/emg2qwerty/logs/2026-03-13/04-57-53/job0_model=gru_ctc,trainer.devices=1,trainer.max_epochs=50,user=single_user/checkpoints/epoch=23-step=2880.ckpt' as top 1
Epoch 24, global step 3000: 'val/CER' reached 33.31857 (best 33.31857), saving model to '/home/su5ti/emg2qwerty/logs/2026-03-13/04-57-53/job0_model=gru_ctc,trainer.devices=1,trainer.max_epochs=50,user=single_user/checkpoints/epoch=24-step=3000.ckpt' as top 1
Epoch 25, global step 3120: 'val/CER' reached 32.21090 (best 32.21090), saving model to '/home/su5ti/emg2qwerty/logs/2026-03-13/04-57-53/job0_model=gru_ctc,trainer.devices=1,trainer.max_epochs=50,user=single_user/checkpoints/epoch=25-step=3120.ckpt' as top 1
Epoch 26, global step 3240: 'val/CER' reached 31.78999 (best 31.78999), saving model to '/home/su5ti/emg2qwerty/logs/2026-03-13/04-57-53/job0_model=gru_ctc,trainer.devices=1,trainer.max_epochs=50,user=single_user/checkpoints/epoch=26-step=3240.ckpt' as top 1
Epoch 27, global step 3360: 'val/CER' reached 31.34692 (best 31.34692), saving model to '/home/su5ti/emg2qwerty/logs/2026-03-13/04-57-53/job0_model=gru_ctc,trainer.devices=1,trainer.max_epochs=50,user=single_user/checkpoints/epoch=27-step=3360.ckpt' as top 1
Epoch 28, global step 3480: 'val/CER' reached 29.92911 (best 29.92911), saving model to '/home/su5ti/emg2qwerty/logs/2026-03-13/04-57-53/job0_model=gru_ctc,trainer.devices=1,trainer.max_epochs=50,user=single_user/checkpoints/epoch=28-step=3480.ckpt' as top 1
Epoch 29, global step 3600: 'val/CER' reached 29.59681 (best 29.59681), saving model to '/home/su5ti/emg2qwerty/logs/2026-03-13/04-57-53/job0_model=gru_ctc,trainer.devices=1,trainer.max_epochs=50,user=single_user/checkpoints/epoch=29-step=3600.ckpt' as top 1
Epoch 30, global step 3720: 'val/CER' reached 28.73283 (best 28.73283), saving model to '/home/su5ti/emg2qwerty/logs/2026-03-13/04-57-53/job0_model=gru_ctc,trainer.devices=1,trainer.max_epochs=50,user=single_user/checkpoints/epoch=30-step=3720.ckpt' as top 1
Epoch 31, global step 3840: 'val/CER' was not in top 1
Epoch 32, global step 3960: 'val/CER' reached 26.71688 (best 26.71688), saving model to '/home/su5ti/emg2qwerty/logs/2026-03-13/04-57-53/job0_model=gru_ctc,trainer.devices=1,trainer.max_epochs=50,user=single_user/checkpoints/epoch=32-step=3960.ckpt' as top 1
Epoch 33, global step 4080: 'val/CER' reached 25.96367 (best 25.96367), saving model to '/home/su5ti/emg2qwerty/logs/2026-03-13/04-57-53/job0_model=gru_ctc,trainer.devices=1,trainer.max_epochs=50,user=single_user/checkpoints/epoch=33-step=4080.ckpt' as top 1
Epoch 34, global step 4200: 'val/CER' was not in top 1
Epoch 35, global step 4320: 'val/CER' was not in top 1
Epoch 36, global step 4440: 'val/CER' was not in top 1
Epoch 37, global step 4560: 'val/CER' reached 25.16615 (best 25.16615), saving model to '/home/su5ti/emg2qwerty/logs/2026-03-13/04-57-53/job0_model=gru_ctc,trainer.devices=1,trainer.max_epochs=50,user=single_user/checkpoints/epoch=37-step=4560.ckpt' as top 1
Epoch 38, global step 4680: 'val/CER' reached 24.52370 (best 24.52370), saving model to '/home/su5ti/emg2qwerty/logs/2026-03-13/04-57-53/job0_model=gru_ctc,trainer.devices=1,trainer.max_epochs=50,user=single_user/checkpoints/epoch=38-step=4680.ckpt' as top 1
Epoch 39, global step 4800: 'val/CER' reached 23.88126 (best 23.88126), saving model to '/home/su5ti/emg2qwerty/logs/2026-03-13/04-57-53/job0_model=gru_ctc,trainer.devices=1,trainer.max_epochs=50,user=single_user/checkpoints/epoch=39-step=4800.ckpt' as top 1
Epoch 40, global step 4920: 'val/CER' reached 22.92867 (best 22.92867), saving model to '/home/su5ti/emg2qwerty/logs/2026-03-13/04-57-53/job0_model=gru_ctc,trainer.devices=1,trainer.max_epochs=50,user=single_user/checkpoints/epoch=40-step=4920.ckpt' as top 1
Epoch 41, global step 5040: 'val/CER' was not in top 1
Epoch 42, global step 5160: 'val/CER' was not in top 1
Epoch 43, global step 5280: 'val/CER' reached 22.44129 (best 22.44129), saving model to '/home/su5ti/emg2qwerty/logs/2026-03-13/04-57-53/job0_model=gru_ctc,trainer.devices=1,trainer.max_epochs=50,user=single_user/checkpoints/epoch=43-step=5280.ckpt' as top 1
Epoch 44, global step 5400: 'val/CER' reached 22.30837 (best 22.30837), saving model to '/home/su5ti/emg2qwerty/logs/2026-03-13/04-57-53/job0_model=gru_ctc,trainer.devices=1,trainer.max_epochs=50,user=single_user/checkpoints/epoch=44-step=5400.ckpt' as top 1
Epoch 45, global step 5520: 'val/CER' reached 22.26407 (best 22.26407), saving model to '/home/su5ti/emg2qwerty/logs/2026-03-13/04-57-53/job0_model=gru_ctc,trainer.devices=1,trainer.max_epochs=50,user=single_user/checkpoints/epoch=45-step=5520.ckpt' as top 1
Epoch 46, global step 5640: 'val/CER' was not in top 1
Epoch 47, global step 5760: 'val/CER' reached 22.02038 (best 22.02038), saving model to '/home/su5ti/emg2qwerty/logs/2026-03-13/04-57-53/job0_model=gru_ctc,trainer.devices=1,trainer.max_epochs=50,user=single_user/checkpoints/epoch=47-step=5760.ckpt' as top 1
Epoch 48, global step 5880: 'val/CER' was not in top 1
Epoch 49, global step 6000: 'val/CER' was not in top 1
`Trainer.fit` stopped: `max_epochs=50` reached.
LOCAL_RANK: 0 - CUDA_VISIBLE_DEVICES: [0]
LOCAL_RANK: 0 - CUDA_VISIBLE_DEVICES: [0]
