/opt/conda/envs/emg2qwerty/lib/python3.11/site-packages/sympy/external/gmpy.py:139: UserWarning: gmpy2 version is too old to use (2.0.0 or newer required)
  gmpy = import_module('gmpy2', min_module_version=_GMPY2_MIN_VERSION,
Global seed set to 1501
GPU available: True (cuda), used: True
TPU available: False, using: 0 TPU cores
IPU available: False, using: 0 IPUs
HPU available: False, using: 0 HPUs
Missing logger folder: /home/nikhil/proj/ECE-C147A-EMG/emg2qwerty/logs/2026-03-13/20-56-51/job0_model=gru_ctc,train=True,trainer.devices=1,trainer.max_epochs=50,user=single_user/lightning_logs
LOCAL_RANK: 0 - CUDA_VISIBLE_DEVICES: [0]
/opt/conda/envs/emg2qwerty/lib/python3.11/site-packages/pl_bolts/__init__.py:11: FutureWarning: In the future `np.object` will be defined as the corresponding NumPy scalar.
  if not hasattr(numpy, tp_name):
/opt/conda/envs/emg2qwerty/lib/python3.11/site-packages/pl_bolts/__init__.py:11: FutureWarning: In the future `np.bool` will be defined as the corresponding NumPy scalar.
  if not hasattr(numpy, tp_name):
/opt/conda/envs/emg2qwerty/lib/python3.11/site-packages/pl_bolts/models/self_supervised/amdim/amdim_module.py:34: UnderReviewWarning: The feature generate_power_seq is currently marked under review. The compatibility with other Lightning projects is not guaranteed and API may change at any time. The API and functionality may change without warning in future releases. More details: https://lightning-bolts.readthedocs.io/en/latest/stability.html
  "lr_options": generate_power_seq(LEARNING_RATE_CIFAR, 11),
/opt/conda/envs/emg2qwerty/lib/python3.11/site-packages/pl_bolts/models/self_supervised/amdim/amdim_module.py:92: UnderReviewWarning: The feature FeatureMapContrastiveTask is currently marked under review. The compatibility with other Lightning projects is not guaranteed and API may change at any time. The API and functionality may change without warning in future releases. More details: https://lightning-bolts.readthedocs.io/en/latest/stability.html
  contrastive_task: Union[FeatureMapContrastiveTask] = FeatureMapContrastiveTask("01, 02, 11"),
/opt/conda/envs/emg2qwerty/lib/python3.11/site-packages/pl_bolts/losses/self_supervised_learning.py:228: UnderReviewWarning: The feature AmdimNCELoss is currently marked under review. The compatibility with other Lightning projects is not guaranteed and API may change at any time. The API and functionality may change without warning in future releases. More details: https://lightning-bolts.readthedocs.io/en/latest/stability.html
  self.nce_loss = AmdimNCELoss(tclip)
/opt/conda/envs/emg2qwerty/lib/python3.11/site-packages/hydra/_internal/instantiate/_instantiate2.py:92: UnderReviewWarning: The feature LinearWarmupCosineAnnealingLR is currently marked under review. The compatibility with other Lightning projects is not guaranteed and API may change at any time. The API and functionality may change without warning in future releases. More details: https://lightning-bolts.readthedocs.io/en/latest/stability.html
  return _target_(*args, **kwargs)

  | Name     | Type          | Params
-------------------------------------------
0 | encoder  | TDSGRUEncoder | 7.2 M 
1 | model    | Sequential    | 7.7 M 
2 | ctc_loss | CTCLoss       | 0     
3 | metrics  | ModuleDict    | 0     
-------------------------------------------
7.7 M     Trainable params
0         Non-trainable params
7.7 M     Total params
30.838    Total estimated model params size (MB)
Epoch 0, global step 120: 'val/CER' reached 501.39566 (best 501.39566), saving model to '/home/nikhil/proj/ECE-C147A-EMG/emg2qwerty/logs/2026-03-13/20-56-51/job0_model=gru_ctc,train=True,trainer.devices=1,trainer.max_epochs=50,user=single_user/checkpoints/epoch=0-step=120.ckpt' as top 1
Epoch 1, global step 240: 'val/CER' reached 100.00000 (best 100.00000), saving model to '/home/nikhil/proj/ECE-C147A-EMG/emg2qwerty/logs/2026-03-13/20-56-51/job0_model=gru_ctc,train=True,trainer.devices=1,trainer.max_epochs=50,user=single_user/checkpoints/epoch=1-step=240.ckpt' as top 1
Epoch 2, global step 360: 'val/CER' was not in top 1
Epoch 3, global step 480: 'val/CER' was not in top 1
Epoch 4, global step 600: 'val/CER' was not in top 1
Epoch 5, global step 720: 'val/CER' was not in top 1
Epoch 6, global step 840: 'val/CER' was not in top 1
Epoch 7, global step 960: 'val/CER' was not in top 1
Epoch 8, global step 1080: 'val/CER' was not in top 1
Epoch 9, global step 1200: 'val/CER' was not in top 1
Epoch 10, global step 1320: 'val/CER' was not in top 1
Epoch 11, global step 1440: 'val/CER' was not in top 1
Epoch 12, global step 1560: 'val/CER' was not in top 1
Epoch 13, global step 1680: 'val/CER' reached 94.88259 (best 94.88259), saving model to '/home/nikhil/proj/ECE-C147A-EMG/emg2qwerty/logs/2026-03-13/20-56-51/job0_model=gru_ctc,train=True,trainer.devices=1,trainer.max_epochs=50,user=single_user/checkpoints/epoch=13-step=1680.ckpt' as top 1
Epoch 14, global step 1800: 'val/CER' reached 79.75188 (best 79.75188), saving model to '/home/nikhil/proj/ECE-C147A-EMG/emg2qwerty/logs/2026-03-13/20-56-51/job0_model=gru_ctc,train=True,trainer.devices=1,trainer.max_epochs=50,user=single_user/checkpoints/epoch=14-step=1800.ckpt' as top 1
Epoch 15, global step 1920: 'val/CER' reached 61.56402 (best 61.56402), saving model to '/home/nikhil/proj/ECE-C147A-EMG/emg2qwerty/logs/2026-03-13/20-56-51/job0_model=gru_ctc,train=True,trainer.devices=1,trainer.max_epochs=50,user=single_user/checkpoints/epoch=15-step=1920.ckpt' as top 1
Epoch 16, global step 2040: 'val/CER' reached 56.51307 (best 56.51307), saving model to '/home/nikhil/proj/ECE-C147A-EMG/emg2qwerty/logs/2026-03-13/20-56-51/job0_model=gru_ctc,train=True,trainer.devices=1,trainer.max_epochs=50,user=single_user/checkpoints/epoch=16-step=2040.ckpt' as top 1
Epoch 17, global step 2160: 'val/CER' reached 48.00620 (best 48.00620), saving model to '/home/nikhil/proj/ECE-C147A-EMG/emg2qwerty/logs/2026-03-13/20-56-51/job0_model=gru_ctc,train=True,trainer.devices=1,trainer.max_epochs=50,user=single_user/checkpoints/epoch=17-step=2160.ckpt' as top 1
Epoch 18, global step 2280: 'val/CER' was not in top 1
Epoch 19, global step 2400: 'val/CER' reached 41.02791 (best 41.02791), saving model to '/home/nikhil/proj/ECE-C147A-EMG/emg2qwerty/logs/2026-03-13/20-56-51/job0_model=gru_ctc,train=True,trainer.devices=1,trainer.max_epochs=50,user=single_user/checkpoints/epoch=19-step=2400.ckpt' as top 1
Epoch 20, global step 2520: 'val/CER' reached 39.16703 (best 39.16703), saving model to '/home/nikhil/proj/ECE-C147A-EMG/emg2qwerty/logs/2026-03-13/20-56-51/job0_model=gru_ctc,train=True,trainer.devices=1,trainer.max_epochs=50,user=single_user/checkpoints/epoch=20-step=2520.ckpt' as top 1
Epoch 21, global step 2640: 'val/CER' reached 37.23970 (best 37.23970), saving model to '/home/nikhil/proj/ECE-C147A-EMG/emg2qwerty/logs/2026-03-13/20-56-51/job0_model=gru_ctc,train=True,trainer.devices=1,trainer.max_epochs=50,user=single_user/checkpoints/epoch=21-step=2640.ckpt' as top 1
Epoch 22, global step 2760: 'val/CER' reached 36.02127 (best 36.02127), saving model to '/home/nikhil/proj/ECE-C147A-EMG/emg2qwerty/logs/2026-03-13/20-56-51/job0_model=gru_ctc,train=True,trainer.devices=1,trainer.max_epochs=50,user=single_user/checkpoints/epoch=22-step=2760.ckpt' as top 1
Epoch 23, global step 2880: 'val/CER' reached 35.22375 (best 35.22375), saving model to '/home/nikhil/proj/ECE-C147A-EMG/emg2qwerty/logs/2026-03-13/20-56-51/job0_model=gru_ctc,train=True,trainer.devices=1,trainer.max_epochs=50,user=single_user/checkpoints/epoch=23-step=2880.ckpt' as top 1
Epoch 24, global step 3000: 'val/CER' reached 33.51794 (best 33.51794), saving model to '/home/nikhil/proj/ECE-C147A-EMG/emg2qwerty/logs/2026-03-13/20-56-51/job0_model=gru_ctc,train=True,trainer.devices=1,trainer.max_epochs=50,user=single_user/checkpoints/epoch=24-step=3000.ckpt' as top 1
Epoch 25, global step 3120: 'val/CER' reached 29.77404 (best 29.77404), saving model to '/home/nikhil/proj/ECE-C147A-EMG/emg2qwerty/logs/2026-03-13/20-56-51/job0_model=gru_ctc,train=True,trainer.devices=1,trainer.max_epochs=50,user=single_user/checkpoints/epoch=25-step=3120.ckpt' as top 1
Epoch 26, global step 3240: 'val/CER' was not in top 1
Epoch 27, global step 3360: 'val/CER' was not in top 1
Epoch 28, global step 3480: 'val/CER' reached 27.44794 (best 27.44794), saving model to '/home/nikhil/proj/ECE-C147A-EMG/emg2qwerty/logs/2026-03-13/20-56-51/job0_model=gru_ctc,train=True,trainer.devices=1,trainer.max_epochs=50,user=single_user/checkpoints/epoch=28-step=3480.ckpt' as top 1
Epoch 29, global step 3600: 'val/CER' was not in top 1
Epoch 30, global step 3720: 'val/CER' was not in top 1
