/opt/conda/envs/emg2qwerty/lib/python3.11/site-packages/sympy/external/gmpy.py:139: UserWarning: gmpy2 version is too old to use (2.0.0 or newer required)
  gmpy = import_module('gmpy2', min_module_version=_GMPY2_MIN_VERSION,
Global seed set to 1501
GPU available: True (cuda), used: True
TPU available: False, using: 0 TPU cores
IPU available: False, using: 0 IPUs
HPU available: False, using: 0 HPUs
Missing logger folder: /home/nikhil/proj/ECE-C147A-EMG/emg2qwerty/logs/2026-03-13/20-36-49/job0_model=gru_ctc,train=True,trainer.devices=1,trainer.max_epochs=50,user=single_user/lightning_logs
LOCAL_RANK: 0 - CUDA_VISIBLE_DEVICES: [0]
/opt/conda/envs/emg2qwerty/lib/python3.11/site-packages/pl_bolts/__init__.py:11: FutureWarning: In the future `np.object` will be defined as the corresponding NumPy scalar.
  if not hasattr(numpy, tp_name):
/opt/conda/envs/emg2qwerty/lib/python3.11/site-packages/pl_bolts/__init__.py:11: FutureWarning: In the future `np.bool` will be defined as the corresponding NumPy scalar.
  if not hasattr(numpy, tp_name):
/opt/conda/envs/emg2qwerty/lib/python3.11/site-packages/pl_bolts/models/self_supervised/amdim/amdim_module.py:34: UnderReviewWarning: The feature generate_power_seq is currently marked under review. The compatibility with other Lightning projects is not guaranteed and API may change at any time. The API and functionality may change without warning in future releases. More details: https://lightning-bolts.readthedocs.io/en/latest/stability.html
  "lr_options": generate_power_seq(LEARNING_RATE_CIFAR, 11),
/opt/conda/envs/emg2qwerty/lib/python3.11/site-packages/pl_bolts/models/self_supervised/amdim/amdim_module.py:92: UnderReviewWarning: The feature FeatureMapContrastiveTask is currently marked under review. The compatibility with other Lightning projects is not guaranteed and API may change at any time. The API and functionality may change without warning in future releases. More details: https://lightning-bolts.readthedocs.io/en/latest/stability.html
  contrastive_task: Union[FeatureMapContrastiveTask] = FeatureMapContrastiveTask("01, 02, 11"),
/opt/conda/envs/emg2qwerty/lib/python3.11/site-packages/pl_bolts/losses/self_supervised_learning.py:228: UnderReviewWarning: The feature AmdimNCELoss is currently marked under review. The compatibility with other Lightning projects is not guaranteed and API may change at any time. The API and functionality may change without warning in future releases. More details: https://lightning-bolts.readthedocs.io/en/latest/stability.html
  self.nce_loss = AmdimNCELoss(tclip)
/opt/conda/envs/emg2qwerty/lib/python3.11/site-packages/hydra/_internal/instantiate/_instantiate2.py:92: UnderReviewWarning: The feature LinearWarmupCosineAnnealingLR is currently marked under review. The compatibility with other Lightning projects is not guaranteed and API may change at any time. The API and functionality may change without warning in future releases. More details: https://lightning-bolts.readthedocs.io/en/latest/stability.html
  return _target_(*args, **kwargs)

  | Name     | Type          | Params
-------------------------------------------
0 | encoder  | TDSGRUEncoder | 7.2 M 
1 | model    | Sequential    | 7.7 M 
2 | ctc_loss | CTCLoss       | 0     
3 | metrics  | ModuleDict    | 0     
-------------------------------------------
7.7 M     Trainable params
0         Non-trainable params
7.7 M     Total params
30.838    Total estimated model params size (MB)
Epoch 0, global step 120: 'val/CER' reached 102.85777 (best 102.85777), saving model to '/home/nikhil/proj/ECE-C147A-EMG/emg2qwerty/logs/2026-03-13/20-36-49/job0_model=gru_ctc,train=True,trainer.devices=1,trainer.max_epochs=50,user=single_user/checkpoints/epoch=0-step=120.ckpt' as top 1
Epoch 1, global step 240: 'val/CER' reached 100.00000 (best 100.00000), saving model to '/home/nikhil/proj/ECE-C147A-EMG/emg2qwerty/logs/2026-03-13/20-36-49/job0_model=gru_ctc,train=True,trainer.devices=1,trainer.max_epochs=50,user=single_user/checkpoints/epoch=1-step=240.ckpt' as top 1
Epoch 2, global step 360: 'val/CER' was not in top 1
Epoch 3, global step 480: 'val/CER' was not in top 1
Epoch 4, global step 600: 'val/CER' was not in top 1
Epoch 5, global step 720: 'val/CER' was not in top 1
Epoch 6, global step 840: 'val/CER' was not in top 1
Epoch 7, global step 960: 'val/CER' was not in top 1
Epoch 8, global step 1080: 'val/CER' reached 94.61674 (best 94.61674), saving model to '/home/nikhil/proj/ECE-C147A-EMG/emg2qwerty/logs/2026-03-13/20-36-49/job0_model=gru_ctc,train=True,trainer.devices=1,trainer.max_epochs=50,user=single_user/checkpoints/epoch=8-step=1080.ckpt' as top 1
Epoch 9, global step 1200: 'val/CER' reached 88.28091 (best 88.28091), saving model to '/home/nikhil/proj/ECE-C147A-EMG/emg2qwerty/logs/2026-03-13/20-36-49/job0_model=gru_ctc,train=True,trainer.devices=1,trainer.max_epochs=50,user=single_user/checkpoints/epoch=9-step=1200.ckpt' as top 1
Epoch 10, global step 1320: 'val/CER' reached 59.21577 (best 59.21577), saving model to '/home/nikhil/proj/ECE-C147A-EMG/emg2qwerty/logs/2026-03-13/20-36-49/job0_model=gru_ctc,train=True,trainer.devices=1,trainer.max_epochs=50,user=single_user/checkpoints/epoch=10-step=1320.ckpt' as top 1
Epoch 11, global step 1440: 'val/CER' reached 46.63270 (best 46.63270), saving model to '/home/nikhil/proj/ECE-C147A-EMG/emg2qwerty/logs/2026-03-13/20-36-49/job0_model=gru_ctc,train=True,trainer.devices=1,trainer.max_epochs=50,user=single_user/checkpoints/epoch=11-step=1440.ckpt' as top 1
Epoch 12, global step 1560: 'val/CER' reached 40.38547 (best 40.38547), saving model to '/home/nikhil/proj/ECE-C147A-EMG/emg2qwerty/logs/2026-03-13/20-36-49/job0_model=gru_ctc,train=True,trainer.devices=1,trainer.max_epochs=50,user=single_user/checkpoints/epoch=12-step=1560.ckpt' as top 1
Epoch 13, global step 1680: 'val/CER' reached 35.82189 (best 35.82189), saving model to '/home/nikhil/proj/ECE-C147A-EMG/emg2qwerty/logs/2026-03-13/20-36-49/job0_model=gru_ctc,train=True,trainer.devices=1,trainer.max_epochs=50,user=single_user/checkpoints/epoch=13-step=1680.ckpt' as top 1
Epoch 14, global step 1800: 'val/CER' reached 29.86265 (best 29.86265), saving model to '/home/nikhil/proj/ECE-C147A-EMG/emg2qwerty/logs/2026-03-13/20-36-49/job0_model=gru_ctc,train=True,trainer.devices=1,trainer.max_epochs=50,user=single_user/checkpoints/epoch=14-step=1800.ckpt' as top 1
Epoch 15, global step 1920: 'val/CER' was not in top 1
Epoch 16, global step 2040: 'val/CER' reached 27.86885 (best 27.86885), saving model to '/home/nikhil/proj/ECE-C147A-EMG/emg2qwerty/logs/2026-03-13/20-36-49/job0_model=gru_ctc,train=True,trainer.devices=1,trainer.max_epochs=50,user=single_user/checkpoints/epoch=16-step=2040.ckpt' as top 1
Epoch 17, global step 2160: 'val/CER' reached 26.27382 (best 26.27382), saving model to '/home/nikhil/proj/ECE-C147A-EMG/emg2qwerty/logs/2026-03-13/20-36-49/job0_model=gru_ctc,train=True,trainer.devices=1,trainer.max_epochs=50,user=single_user/checkpoints/epoch=17-step=2160.ckpt' as top 1
Epoch 18, global step 2280: 'val/CER' reached 25.29907 (best 25.29907), saving model to '/home/nikhil/proj/ECE-C147A-EMG/emg2qwerty/logs/2026-03-13/20-36-49/job0_model=gru_ctc,train=True,trainer.devices=1,trainer.max_epochs=50,user=single_user/checkpoints/epoch=18-step=2280.ckpt' as top 1
Epoch 19, global step 2400: 'val/CER' reached 24.83385 (best 24.83385), saving model to '/home/nikhil/proj/ECE-C147A-EMG/emg2qwerty/logs/2026-03-13/20-36-49/job0_model=gru_ctc,train=True,trainer.devices=1,trainer.max_epochs=50,user=single_user/checkpoints/epoch=19-step=2400.ckpt' as top 1
Epoch 20, global step 2520: 'val/CER' was not in top 1
Epoch 21, global step 2640: 'val/CER' reached 24.28002 (best 24.28002), saving model to '/home/nikhil/proj/ECE-C147A-EMG/emg2qwerty/logs/2026-03-13/20-36-49/job0_model=gru_ctc,train=True,trainer.devices=1,trainer.max_epochs=50,user=single_user/checkpoints/epoch=21-step=2640.ckpt' as top 1
Epoch 22, global step 2760: 'val/CER' reached 22.90651 (best 22.90651), saving model to '/home/nikhil/proj/ECE-C147A-EMG/emg2qwerty/logs/2026-03-13/20-36-49/job0_model=gru_ctc,train=True,trainer.devices=1,trainer.max_epochs=50,user=single_user/checkpoints/epoch=22-step=2760.ckpt' as top 1
Epoch 23, global step 2880: 'val/CER' reached 21.86531 (best 21.86531), saving model to '/home/nikhil/proj/ECE-C147A-EMG/emg2qwerty/logs/2026-03-13/20-36-49/job0_model=gru_ctc,train=True,trainer.devices=1,trainer.max_epochs=50,user=single_user/checkpoints/epoch=23-step=2880.ckpt' as top 1
Epoch 24, global step 3000: 'val/CER' reached 20.91272 (best 20.91272), saving model to '/home/nikhil/proj/ECE-C147A-EMG/emg2qwerty/logs/2026-03-13/20-36-49/job0_model=gru_ctc,train=True,trainer.devices=1,trainer.max_epochs=50,user=single_user/checkpoints/epoch=24-step=3000.ckpt' as top 1
Epoch 25, global step 3120: 'val/CER' reached 20.58042 (best 20.58042), saving model to '/home/nikhil/proj/ECE-C147A-EMG/emg2qwerty/logs/2026-03-13/20-36-49/job0_model=gru_ctc,train=True,trainer.devices=1,trainer.max_epochs=50,user=single_user/checkpoints/epoch=25-step=3120.ckpt' as top 1
Epoch 26, global step 3240: 'val/CER' was not in top 1
Epoch 27, global step 3360: 'val/CER' reached 19.31768 (best 19.31768), saving model to '/home/nikhil/proj/ECE-C147A-EMG/emg2qwerty/logs/2026-03-13/20-36-49/job0_model=gru_ctc,train=True,trainer.devices=1,trainer.max_epochs=50,user=single_user/checkpoints/epoch=27-step=3360.ckpt' as top 1
Epoch 28, global step 3480: 'val/CER' was not in top 1
Epoch 29, global step 3600: 'val/CER' was not in top 1
Epoch 30, global step 3720: 'val/CER' reached 18.71954 (best 18.71954), saving model to '/home/nikhil/proj/ECE-C147A-EMG/emg2qwerty/logs/2026-03-13/20-36-49/job0_model=gru_ctc,train=True,trainer.devices=1,trainer.max_epochs=50,user=single_user/checkpoints/epoch=30-step=3720.ckpt' as top 1
Epoch 31, global step 3840: 'val/CER' reached 18.54231 (best 18.54231), saving model to '/home/nikhil/proj/ECE-C147A-EMG/emg2qwerty/logs/2026-03-13/20-36-49/job0_model=gru_ctc,train=True,trainer.devices=1,trainer.max_epochs=50,user=single_user/checkpoints/epoch=31-step=3840.ckpt' as top 1
Epoch 32, global step 3960: 'val/CER' reached 18.09925 (best 18.09925), saving model to '/home/nikhil/proj/ECE-C147A-EMG/emg2qwerty/logs/2026-03-13/20-36-49/job0_model=gru_ctc,train=True,trainer.devices=1,trainer.max_epochs=50,user=single_user/checkpoints/epoch=32-step=3960.ckpt' as top 1
Epoch 33, global step 4080: 'val/CER' was not in top 1
Epoch 34, global step 4200: 'val/CER' reached 17.83341 (best 17.83341), saving model to '/home/nikhil/proj/ECE-C147A-EMG/emg2qwerty/logs/2026-03-13/20-36-49/job0_model=gru_ctc,train=True,trainer.devices=1,trainer.max_epochs=50,user=single_user/checkpoints/epoch=34-step=4200.ckpt' as top 1
Epoch 35, global step 4320: 'val/CER' reached 16.39344 (best 16.39344), saving model to '/home/nikhil/proj/ECE-C147A-EMG/emg2qwerty/logs/2026-03-13/20-36-49/job0_model=gru_ctc,train=True,trainer.devices=1,trainer.max_epochs=50,user=single_user/checkpoints/epoch=35-step=4320.ckpt' as top 1
Epoch 36, global step 4440: 'val/CER' was not in top 1
Epoch 37, global step 4560: 'val/CER' was not in top 1
Epoch 38, global step 4680: 'val/CER' was not in top 1
Epoch 39, global step 4800: 'val/CER' reached 15.90607 (best 15.90607), saving model to '/home/nikhil/proj/ECE-C147A-EMG/emg2qwerty/logs/2026-03-13/20-36-49/job0_model=gru_ctc,train=True,trainer.devices=1,trainer.max_epochs=50,user=single_user/checkpoints/epoch=39-step=4800.ckpt' as top 1
Epoch 40, global step 4920: 'val/CER' reached 15.61808 (best 15.61808), saving model to '/home/nikhil/proj/ECE-C147A-EMG/emg2qwerty/logs/2026-03-13/20-36-49/job0_model=gru_ctc,train=True,trainer.devices=1,trainer.max_epochs=50,user=single_user/checkpoints/epoch=40-step=4920.ckpt' as top 1
Epoch 41, global step 5040: 'val/CER' was not in top 1
Epoch 42, global step 5160: 'val/CER' was not in top 1
Epoch 43, global step 5280: 'val/CER' reached 15.24147 (best 15.24147), saving model to '/home/nikhil/proj/ECE-C147A-EMG/emg2qwerty/logs/2026-03-13/20-36-49/job0_model=gru_ctc,train=True,trainer.devices=1,trainer.max_epochs=50,user=single_user/checkpoints/epoch=43-step=5280.ckpt' as top 1
Epoch 44, global step 5400: 'val/CER' was not in top 1
Epoch 45, global step 5520: 'val/CER' was not in top 1
Epoch 46, global step 5640: 'val/CER' was not in top 1
Epoch 47, global step 5760: 'val/CER' was not in top 1
Epoch 48, global step 5880: 'val/CER' reached 15.08640 (best 15.08640), saving model to '/home/nikhil/proj/ECE-C147A-EMG/emg2qwerty/logs/2026-03-13/20-36-49/job0_model=gru_ctc,train=True,trainer.devices=1,trainer.max_epochs=50,user=single_user/checkpoints/epoch=48-step=5880.ckpt' as top 1
Epoch 49, global step 6000: 'val/CER' was not in top 1
`Trainer.fit` stopped: `max_epochs=50` reached.
/opt/conda/envs/emg2qwerty/lib/python3.11/site-packages/lightning_fabric/utilities/cloud_io.py:51: FutureWarning: You are using `torch.load` with `weights_only=False` (the current default value), which uses the default pickle module implicitly. It is possible to construct malicious pickle data which will execute arbitrary code during unpickling (See https://github.com/pytorch/pytorch/blob/main/SECURITY.md#untrusted-models for more details). In a future release, the default value for `weights_only` will be flipped to `True`. This limits the functions that could be executed during unpickling. Arbitrary objects will no longer be allowed to be loaded via this mode unless they are explicitly allowlisted by the user via `torch.serialization.add_safe_globals`. We recommend you start setting `weights_only=True` for any use case where you don't have full control of the loaded file. Please open an issue on GitHub for any issues related to this experimental feature.
  return torch.load(f, map_location=map_location)  # type: ignore[arg-type]
LOCAL_RANK: 0 - CUDA_VISIBLE_DEVICES: [0]
LOCAL_RANK: 0 - CUDA_VISIBLE_DEVICES: [0]
