Global seed set to 1501
/home/phil/.conda/envs/emg2qwerty/lib/python3.10/site-packages/torch/nn/utils/weight_norm.py:28: UserWarning: torch.nn.utils.weight_norm is deprecated in favor of torch.nn.utils.parametrizations.weight_norm.
  warnings.warn("torch.nn.utils.weight_norm is deprecated in favor of torch.nn.utils.parametrizations.weight_norm.")
GPU available: True (cuda), used: True
TPU available: False, using: 0 TPU cores
IPU available: False, using: 0 IPUs
HPU available: False, using: 0 HPUs
Missing logger folder: /home/phil/ECE-C147A-EMG/emg2qwerty/logs/2026-03-09/07-03-37/job0_model=tcn,trainer.devices=1,trainer.max_epochs=50,user=single_user/lightning_logs
LOCAL_RANK: 0 - CUDA_VISIBLE_DEVICES: [0]
/home/phil/.conda/envs/emg2qwerty/lib/python3.10/site-packages/pl_bolts/__init__.py:11: FutureWarning: In the future `np.object` will be defined as the corresponding NumPy scalar.
  if not hasattr(numpy, tp_name):
/home/phil/.conda/envs/emg2qwerty/lib/python3.10/site-packages/pl_bolts/__init__.py:11: FutureWarning: In the future `np.bool` will be defined as the corresponding NumPy scalar.
  if not hasattr(numpy, tp_name):
/home/phil/.conda/envs/emg2qwerty/lib/python3.10/site-packages/pl_bolts/models/self_supervised/amdim/amdim_module.py:34: UnderReviewWarning: The feature generate_power_seq is currently marked under review. The compatibility with other Lightning projects is not guaranteed and API may change at any time. The API and functionality may change without warning in future releases. More details: https://lightning-bolts.readthedocs.io/en/latest/stability.html
  "lr_options": generate_power_seq(LEARNING_RATE_CIFAR, 11),
/home/phil/.conda/envs/emg2qwerty/lib/python3.10/site-packages/pl_bolts/models/self_supervised/amdim/amdim_module.py:92: UnderReviewWarning: The feature FeatureMapContrastiveTask is currently marked under review. The compatibility with other Lightning projects is not guaranteed and API may change at any time. The API and functionality may change without warning in future releases. More details: https://lightning-bolts.readthedocs.io/en/latest/stability.html
  contrastive_task: Union[FeatureMapContrastiveTask] = FeatureMapContrastiveTask("01, 02, 11"),
/home/phil/.conda/envs/emg2qwerty/lib/python3.10/site-packages/pl_bolts/losses/self_supervised_learning.py:228: UnderReviewWarning: The feature AmdimNCELoss is currently marked under review. The compatibility with other Lightning projects is not guaranteed and API may change at any time. The API and functionality may change without warning in future releases. More details: https://lightning-bolts.readthedocs.io/en/latest/stability.html
  self.nce_loss = AmdimNCELoss(tclip)
/home/phil/.conda/envs/emg2qwerty/lib/python3.10/site-packages/hydra/_internal/instantiate/_instantiate2.py:92: UnderReviewWarning: The feature LinearWarmupCosineAnnealingLR is currently marked under review. The compatibility with other Lightning projects is not guaranteed and API may change at any time. The API and functionality may change without warning in future releases. More details: https://lightning-bolts.readthedocs.io/en/latest/stability.html
  return _target_(*args, **kwargs)

  | Name     | Type       | Params
----------------------------------------
0 | model    | Sequential | 3.6 M 
1 | ctc_loss | CTCLoss    | 0     
2 | metrics  | ModuleDict | 0     
----------------------------------------
3.6 M     Trainable params
0         Non-trainable params
3.6 M     Total params
14.494    Total estimated model params size (MB)
/home/phil/.conda/envs/emg2qwerty/lib/python3.10/site-packages/torch/autograd/graph.py:744: UserWarning: Plan failed with a cudnnException: CUDNN_BACKEND_EXECUTION_PLAN_DESCRIPTOR: cudnnFinalize Descriptor Failed cudnn_status: CUDNN_STATUS_NOT_SUPPORTED (Triggered internally at /opt/conda/conda-bld/pytorch_1712608935911/work/aten/src/ATen/native/cudnn/Conv_v8.cpp:919.)
  return Variable._execution_engine.run_backward(  # Calls into the C++ engine to run the backward pass
Epoch 0, global step 120: 'val/CER' reached 2564.31104 (best 2564.31104), saving model to '/home/phil/ECE-C147A-EMG/emg2qwerty/logs/2026-03-09/07-03-37/job0_model=tcn,trainer.devices=1,trainer.max_epochs=50,user=single_user/checkpoints/epoch=0-step=120.ckpt' as top 1
Epoch 1, global step 240: 'val/CER' reached 96.65485 (best 96.65485), saving model to '/home/phil/ECE-C147A-EMG/emg2qwerty/logs/2026-03-09/07-03-37/job0_model=tcn,trainer.devices=1,trainer.max_epochs=50,user=single_user/checkpoints/epoch=1-step=240.ckpt' as top 1
Epoch 2, global step 360: 'val/CER' was not in top 1
Epoch 3, global step 480: 'val/CER' was not in top 1
Epoch 4, global step 600: 'val/CER' was not in top 1
Epoch 5, global step 720: 'val/CER' was not in top 1
Epoch 6, global step 840: 'val/CER' was not in top 1
Epoch 7, global step 960: 'val/CER' was not in top 1
Epoch 8, global step 1080: 'val/CER' was not in top 1
Epoch 9, global step 1200: 'val/CER' reached 91.64821 (best 91.64821), saving model to '/home/phil/ECE-C147A-EMG/emg2qwerty/logs/2026-03-09/07-03-37/job0_model=tcn,trainer.devices=1,trainer.max_epochs=50,user=single_user/checkpoints/epoch=9-step=1200.ckpt' as top 1
Epoch 10, global step 1320: 'val/CER' reached 70.64687 (best 70.64687), saving model to '/home/phil/ECE-C147A-EMG/emg2qwerty/logs/2026-03-09/07-03-37/job0_model=tcn,trainer.devices=1,trainer.max_epochs=50,user=single_user/checkpoints/epoch=10-step=1320.ckpt' as top 1
Epoch 11, global step 1440: 'val/CER' was not in top 1
Epoch 12, global step 1560: 'val/CER' reached 58.99424 (best 58.99424), saving model to '/home/phil/ECE-C147A-EMG/emg2qwerty/logs/2026-03-09/07-03-37/job0_model=tcn,trainer.devices=1,trainer.max_epochs=50,user=single_user/checkpoints/epoch=12-step=1560.ckpt' as top 1
Epoch 13, global step 1680: 'val/CER' reached 48.84803 (best 48.84803), saving model to '/home/phil/ECE-C147A-EMG/emg2qwerty/logs/2026-03-09/07-03-37/job0_model=tcn,trainer.devices=1,trainer.max_epochs=50,user=single_user/checkpoints/epoch=13-step=1680.ckpt' as top 1
Epoch 14, global step 1800: 'val/CER' was not in top 1
Epoch 15, global step 1920: 'val/CER' reached 46.12317 (best 46.12317), saving model to '/home/phil/ECE-C147A-EMG/emg2qwerty/logs/2026-03-09/07-03-37/job0_model=tcn,trainer.devices=1,trainer.max_epochs=50,user=single_user/checkpoints/epoch=15-step=1920.ckpt' as top 1
Epoch 16, global step 2040: 'val/CER' was not in top 1
Epoch 17, global step 2160: 'val/CER' was not in top 1
Epoch 18, global step 2280: 'val/CER' reached 40.42978 (best 40.42978), saving model to '/home/phil/ECE-C147A-EMG/emg2qwerty/logs/2026-03-09/07-03-37/job0_model=tcn,trainer.devices=1,trainer.max_epochs=50,user=single_user/checkpoints/epoch=18-step=2280.ckpt' as top 1
Epoch 19, global step 2400: 'val/CER' reached 34.42623 (best 34.42623), saving model to '/home/phil/ECE-C147A-EMG/emg2qwerty/logs/2026-03-09/07-03-37/job0_model=tcn,trainer.devices=1,trainer.max_epochs=50,user=single_user/checkpoints/epoch=19-step=2400.ckpt' as top 1
Epoch 20, global step 2520: 'val/CER' was not in top 1
Epoch 21, global step 2640: 'val/CER' reached 32.34382 (best 32.34382), saving model to '/home/phil/ECE-C147A-EMG/emg2qwerty/logs/2026-03-09/07-03-37/job0_model=tcn,trainer.devices=1,trainer.max_epochs=50,user=single_user/checkpoints/epoch=21-step=2640.ckpt' as top 1
Epoch 22, global step 2760: 'val/CER' was not in top 1
Epoch 23, global step 2880: 'val/CER' reached 32.03367 (best 32.03367), saving model to '/home/phil/ECE-C147A-EMG/emg2qwerty/logs/2026-03-09/07-03-37/job0_model=tcn,trainer.devices=1,trainer.max_epochs=50,user=single_user/checkpoints/epoch=23-step=2880.ckpt' as top 1
Epoch 24, global step 3000: 'val/CER' reached 30.57156 (best 30.57156), saving model to '/home/phil/ECE-C147A-EMG/emg2qwerty/logs/2026-03-09/07-03-37/job0_model=tcn,trainer.devices=1,trainer.max_epochs=50,user=single_user/checkpoints/epoch=24-step=3000.ckpt' as top 1
Epoch 25, global step 3120: 'val/CER' was not in top 1
Epoch 26, global step 3240: 'val/CER' reached 28.66637 (best 28.66637), saving model to '/home/phil/ECE-C147A-EMG/emg2qwerty/logs/2026-03-09/07-03-37/job0_model=tcn,trainer.devices=1,trainer.max_epochs=50,user=single_user/checkpoints/epoch=26-step=3240.ckpt' as top 1
Epoch 27, global step 3360: 'val/CER' was not in top 1
Epoch 28, global step 3480: 'val/CER' was not in top 1
Epoch 29, global step 3600: 'val/CER' reached 27.82454 (best 27.82454), saving model to '/home/phil/ECE-C147A-EMG/emg2qwerty/logs/2026-03-09/07-03-37/job0_model=tcn,trainer.devices=1,trainer.max_epochs=50,user=single_user/checkpoints/epoch=29-step=3600.ckpt' as top 1
Epoch 30, global step 3720: 'val/CER' was not in top 1
Epoch 31, global step 3840: 'val/CER' reached 27.02703 (best 27.02703), saving model to '/home/phil/ECE-C147A-EMG/emg2qwerty/logs/2026-03-09/07-03-37/job0_model=tcn,trainer.devices=1,trainer.max_epochs=50,user=single_user/checkpoints/epoch=31-step=3840.ckpt' as top 1
Epoch 32, global step 3960: 'val/CER' reached 26.00797 (best 26.00797), saving model to '/home/phil/ECE-C147A-EMG/emg2qwerty/logs/2026-03-09/07-03-37/job0_model=tcn,trainer.devices=1,trainer.max_epochs=50,user=single_user/checkpoints/epoch=32-step=3960.ckpt' as top 1
Epoch 33, global step 4080: 'val/CER' was not in top 1
Epoch 34, global step 4200: 'val/CER' reached 25.16615 (best 25.16615), saving model to '/home/phil/ECE-C147A-EMG/emg2qwerty/logs/2026-03-09/07-03-37/job0_model=tcn,trainer.devices=1,trainer.max_epochs=50,user=single_user/checkpoints/epoch=34-step=4200.ckpt' as top 1
Epoch 35, global step 4320: 'val/CER' was not in top 1
Epoch 36, global step 4440: 'val/CER' reached 24.63447 (best 24.63447), saving model to '/home/phil/ECE-C147A-EMG/emg2qwerty/logs/2026-03-09/07-03-37/job0_model=tcn,trainer.devices=1,trainer.max_epochs=50,user=single_user/checkpoints/epoch=36-step=4440.ckpt' as top 1
Epoch 37, global step 4560: 'val/CER' was not in top 1
Epoch 38, global step 4680: 'val/CER' reached 23.57111 (best 23.57111), saving model to '/home/phil/ECE-C147A-EMG/emg2qwerty/logs/2026-03-09/07-03-37/job0_model=tcn,trainer.devices=1,trainer.max_epochs=50,user=single_user/checkpoints/epoch=38-step=4680.ckpt' as top 1
Epoch 39, global step 4800: 'val/CER' reached 23.50465 (best 23.50465), saving model to '/home/phil/ECE-C147A-EMG/emg2qwerty/logs/2026-03-09/07-03-37/job0_model=tcn,trainer.devices=1,trainer.max_epochs=50,user=single_user/checkpoints/epoch=39-step=4800.ckpt' as top 1
Epoch 40, global step 4920: 'val/CER' reached 22.77359 (best 22.77359), saving model to '/home/phil/ECE-C147A-EMG/emg2qwerty/logs/2026-03-09/07-03-37/job0_model=tcn,trainer.devices=1,trainer.max_epochs=50,user=single_user/checkpoints/epoch=40-step=4920.ckpt' as top 1
Epoch 41, global step 5040: 'val/CER' was not in top 1
Epoch 42, global step 5160: 'val/CER' was not in top 1
Epoch 43, global step 5280: 'val/CER' was not in top 1
Epoch 44, global step 5400: 'val/CER' reached 22.57421 (best 22.57421), saving model to '/home/phil/ECE-C147A-EMG/emg2qwerty/logs/2026-03-09/07-03-37/job0_model=tcn,trainer.devices=1,trainer.max_epochs=50,user=single_user/checkpoints/epoch=44-step=5400.ckpt' as top 1
Epoch 45, global step 5520: 'val/CER' reached 22.26407 (best 22.26407), saving model to '/home/phil/ECE-C147A-EMG/emg2qwerty/logs/2026-03-09/07-03-37/job0_model=tcn,trainer.devices=1,trainer.max_epochs=50,user=single_user/checkpoints/epoch=45-step=5520.ckpt' as top 1
Epoch 46, global step 5640: 'val/CER' reached 21.66593 (best 21.66593), saving model to '/home/phil/ECE-C147A-EMG/emg2qwerty/logs/2026-03-09/07-03-37/job0_model=tcn,trainer.devices=1,trainer.max_epochs=50,user=single_user/checkpoints/epoch=46-step=5640.ckpt' as top 1
Epoch 47, global step 5760: 'val/CER' was not in top 1
Epoch 48, global step 5880: 'val/CER' was not in top 1
Epoch 49, global step 6000: 'val/CER' was not in top 1
`Trainer.fit` stopped: `max_epochs=50` reached.
