/opt/conda/envs/emg2qwerty/lib/python3.11/site-packages/sympy/external/gmpy.py:139: UserWarning: gmpy2 version is too old to use (2.0.0 or newer required)
  gmpy = import_module('gmpy2', min_module_version=_GMPY2_MIN_VERSION,
Global seed set to 1501
GPU available: True (cuda), used: True
TPU available: False, using: 0 TPU cores
IPU available: False, using: 0 IPUs
HPU available: False, using: 0 HPUs
Missing logger folder: /home/nikhil/proj/ECE-C147A-EMG/emg2qwerty/logs/2026-03-13/19-20-10/job0_model=gru_ctc,train=True,trainer.devices=1,trainer.max_epochs=50,user=single_user/lightning_logs
LOCAL_RANK: 0 - CUDA_VISIBLE_DEVICES: [0]
/opt/conda/envs/emg2qwerty/lib/python3.11/site-packages/pl_bolts/__init__.py:11: FutureWarning: In the future `np.object` will be defined as the corresponding NumPy scalar.
  if not hasattr(numpy, tp_name):
/opt/conda/envs/emg2qwerty/lib/python3.11/site-packages/pl_bolts/__init__.py:11: FutureWarning: In the future `np.bool` will be defined as the corresponding NumPy scalar.
  if not hasattr(numpy, tp_name):
/opt/conda/envs/emg2qwerty/lib/python3.11/site-packages/pl_bolts/models/self_supervised/amdim/amdim_module.py:34: UnderReviewWarning: The feature generate_power_seq is currently marked under review. The compatibility with other Lightning projects is not guaranteed and API may change at any time. The API and functionality may change without warning in future releases. More details: https://lightning-bolts.readthedocs.io/en/latest/stability.html
  "lr_options": generate_power_seq(LEARNING_RATE_CIFAR, 11),
/opt/conda/envs/emg2qwerty/lib/python3.11/site-packages/pl_bolts/models/self_supervised/amdim/amdim_module.py:92: UnderReviewWarning: The feature FeatureMapContrastiveTask is currently marked under review. The compatibility with other Lightning projects is not guaranteed and API may change at any time. The API and functionality may change without warning in future releases. More details: https://lightning-bolts.readthedocs.io/en/latest/stability.html
  contrastive_task: Union[FeatureMapContrastiveTask] = FeatureMapContrastiveTask("01, 02, 11"),
/opt/conda/envs/emg2qwerty/lib/python3.11/site-packages/pl_bolts/losses/self_supervised_learning.py:228: UnderReviewWarning: The feature AmdimNCELoss is currently marked under review. The compatibility with other Lightning projects is not guaranteed and API may change at any time. The API and functionality may change without warning in future releases. More details: https://lightning-bolts.readthedocs.io/en/latest/stability.html
  self.nce_loss = AmdimNCELoss(tclip)
/opt/conda/envs/emg2qwerty/lib/python3.11/site-packages/hydra/_internal/instantiate/_instantiate2.py:92: UnderReviewWarning: The feature LinearWarmupCosineAnnealingLR is currently marked under review. The compatibility with other Lightning projects is not guaranteed and API may change at any time. The API and functionality may change without warning in future releases. More details: https://lightning-bolts.readthedocs.io/en/latest/stability.html
  return _target_(*args, **kwargs)

  | Name     | Type          | Params
-------------------------------------------
0 | encoder  | TDSGRUEncoder | 7.2 M 
1 | model    | Sequential    | 7.7 M 
2 | ctc_loss | CTCLoss       | 0     
3 | metrics  | ModuleDict    | 0     
-------------------------------------------
7.7 M     Trainable params
0         Non-trainable params
7.7 M     Total params
30.838    Total estimated model params size (MB)
Epoch 0, global step 120: 'val/CER' reached 295.61365 (best 295.61365), saving model to '/home/nikhil/proj/ECE-C147A-EMG/emg2qwerty/logs/2026-03-13/19-20-10/job0_model=gru_ctc,train=True,trainer.devices=1,trainer.max_epochs=50,user=single_user/checkpoints/epoch=0-step=120.ckpt' as top 1
Epoch 1, global step 240: 'val/CER' reached 100.00000 (best 100.00000), saving model to '/home/nikhil/proj/ECE-C147A-EMG/emg2qwerty/logs/2026-03-13/19-20-10/job0_model=gru_ctc,train=True,trainer.devices=1,trainer.max_epochs=50,user=single_user/checkpoints/epoch=1-step=240.ckpt' as top 1
Epoch 2, global step 360: 'val/CER' was not in top 1
Epoch 3, global step 480: 'val/CER' was not in top 1
Epoch 4, global step 600: 'val/CER' was not in top 1
Epoch 5, global step 720: 'val/CER' was not in top 1
Epoch 6, global step 840: 'val/CER' was not in top 1
Epoch 7, global step 960: 'val/CER' was not in top 1
Epoch 8, global step 1080: 'val/CER' was not in top 1
Epoch 9, global step 1200: 'val/CER' was not in top 1
Epoch 10, global step 1320: 'val/CER' was not in top 1
Epoch 11, global step 1440: 'val/CER' was not in top 1
Epoch 12, global step 1560: 'val/CER' was not in top 1
Epoch 13, global step 1680: 'val/CER' was not in top 1
Epoch 14, global step 1800: 'val/CER' reached 97.27515 (best 97.27515), saving model to '/home/nikhil/proj/ECE-C147A-EMG/emg2qwerty/logs/2026-03-13/19-20-10/job0_model=gru_ctc,train=True,trainer.devices=1,trainer.max_epochs=50,user=single_user/checkpoints/epoch=14-step=1800.ckpt' as top 1
Epoch 15, global step 1920: 'val/CER' reached 91.22729 (best 91.22729), saving model to '/home/nikhil/proj/ECE-C147A-EMG/emg2qwerty/logs/2026-03-13/19-20-10/job0_model=gru_ctc,train=True,trainer.devices=1,trainer.max_epochs=50,user=single_user/checkpoints/epoch=15-step=1920.ckpt' as top 1
Epoch 16, global step 2040: 'val/CER' reached 88.79043 (best 88.79043), saving model to '/home/nikhil/proj/ECE-C147A-EMG/emg2qwerty/logs/2026-03-13/19-20-10/job0_model=gru_ctc,train=True,trainer.devices=1,trainer.max_epochs=50,user=single_user/checkpoints/epoch=16-step=2040.ckpt' as top 1
Epoch 17, global step 2160: 'val/CER' reached 83.60656 (best 83.60656), saving model to '/home/nikhil/proj/ECE-C147A-EMG/emg2qwerty/logs/2026-03-13/19-20-10/job0_model=gru_ctc,train=True,trainer.devices=1,trainer.max_epochs=50,user=single_user/checkpoints/epoch=17-step=2160.ckpt' as top 1
Epoch 18, global step 2280: 'val/CER' was not in top 1
Epoch 19, global step 2400: 'val/CER' reached 83.20779 (best 83.20779), saving model to '/home/nikhil/proj/ECE-C147A-EMG/emg2qwerty/logs/2026-03-13/19-20-10/job0_model=gru_ctc,train=True,trainer.devices=1,trainer.max_epochs=50,user=single_user/checkpoints/epoch=19-step=2400.ckpt' as top 1
Epoch 20, global step 2520: 'val/CER' reached 78.97652 (best 78.97652), saving model to '/home/nikhil/proj/ECE-C147A-EMG/emg2qwerty/logs/2026-03-13/19-20-10/job0_model=gru_ctc,train=True,trainer.devices=1,trainer.max_epochs=50,user=single_user/checkpoints/epoch=20-step=2520.ckpt' as top 1
Epoch 21, global step 2640: 'val/CER' reached 76.80550 (best 76.80550), saving model to '/home/nikhil/proj/ECE-C147A-EMG/emg2qwerty/logs/2026-03-13/19-20-10/job0_model=gru_ctc,train=True,trainer.devices=1,trainer.max_epochs=50,user=single_user/checkpoints/epoch=21-step=2640.ckpt' as top 1
Epoch 22, global step 2760: 'val/CER' reached 70.24812 (best 70.24812), saving model to '/home/nikhil/proj/ECE-C147A-EMG/emg2qwerty/logs/2026-03-13/19-20-10/job0_model=gru_ctc,train=True,trainer.devices=1,trainer.max_epochs=50,user=single_user/checkpoints/epoch=22-step=2760.ckpt' as top 1
Epoch 23, global step 2880: 'val/CER' was not in top 1
Epoch 24, global step 3000: 'val/CER' was not in top 1
Epoch 25, global step 3120: 'val/CER' reached 67.25742 (best 67.25742), saving model to '/home/nikhil/proj/ECE-C147A-EMG/emg2qwerty/logs/2026-03-13/19-20-10/job0_model=gru_ctc,train=True,trainer.devices=1,trainer.max_epochs=50,user=single_user/checkpoints/epoch=25-step=3120.ckpt' as top 1
Epoch 26, global step 3240: 'val/CER' was not in top 1
Epoch 27, global step 3360: 'val/CER' was not in top 1
Epoch 28, global step 3480: 'val/CER' was not in top 1
Epoch 29, global step 3600: 'val/CER' was not in top 1
Epoch 30, global step 3720: 'val/CER' was not in top 1
Epoch 31, global step 3840: 'val/CER' reached 64.51041 (best 64.51041), saving model to '/home/nikhil/proj/ECE-C147A-EMG/emg2qwerty/logs/2026-03-13/19-20-10/job0_model=gru_ctc,train=True,trainer.devices=1,trainer.max_epochs=50,user=single_user/checkpoints/epoch=31-step=3840.ckpt' as top 1
Epoch 32, global step 3960: 'val/CER' reached 64.31104 (best 64.31104), saving model to '/home/nikhil/proj/ECE-C147A-EMG/emg2qwerty/logs/2026-03-13/19-20-10/job0_model=gru_ctc,train=True,trainer.devices=1,trainer.max_epochs=50,user=single_user/checkpoints/epoch=32-step=3960.ckpt' as top 1
Epoch 33, global step 4080: 'val/CER' was not in top 1
Epoch 34, global step 4200: 'val/CER' was not in top 1
Epoch 35, global step 4320: 'val/CER' was not in top 1
Epoch 36, global step 4440: 'val/CER' was not in top 1
Epoch 37, global step 4560: 'val/CER' was not in top 1
/opt/conda/envs/emg2qwerty/lib/python3.11/site-packages/pytorch_lightning/trainer/call.py:48: UserWarning: Detected KeyboardInterrupt, attempting graceful shutdown...
  rank_zero_warn("Detected KeyboardInterrupt, attempting graceful shutdown...")
/opt/conda/envs/emg2qwerty/lib/python3.11/site-packages/lightning_fabric/utilities/cloud_io.py:51: FutureWarning: You are using `torch.load` with `weights_only=False` (the current default value), which uses the default pickle module implicitly. It is possible to construct malicious pickle data which will execute arbitrary code during unpickling (See https://github.com/pytorch/pytorch/blob/main/SECURITY.md#untrusted-models for more details). In a future release, the default value for `weights_only` will be flipped to `True`. This limits the functions that could be executed during unpickling. Arbitrary objects will no longer be allowed to be loaded via this mode unless they are explicitly allowlisted by the user via `torch.serialization.add_safe_globals`. We recommend you start setting `weights_only=True` for any use case where you don't have full control of the loaded file. Please open an issue on GitHub for any issues related to this experimental feature.
  return torch.load(f, map_location=map_location)  # type: ignore[arg-type]
Traceback (most recent call last):
  File "<frozen runpy>", line 198, in _run_module_as_main
  File "<frozen runpy>", line 88, in _run_code
  File "/opt/conda/envs/emg2qwerty/lib/python3.11/site-packages/submitit/core/_submit.py", line 11, in <module>
    submitit_main()
  File "/opt/conda/envs/emg2qwerty/lib/python3.11/site-packages/submitit/core/submission.py", line 76, in submitit_main
    process_job(args.folder)
  File "/opt/conda/envs/emg2qwerty/lib/python3.11/site-packages/submitit/core/submission.py", line 55, in process_job
    result = delayed.result()
             ^^^^^^^^^^^^^^^^
  File "/opt/conda/envs/emg2qwerty/lib/python3.11/site-packages/submitit/core/utils.py", line 137, in result
    self._result = self.function(*self.args, **self.kwargs)
                   ^^^^^^^^^^^^^^^^^^^^^^^^^^^^^^^^^^^^^^^^
  File "/opt/conda/envs/emg2qwerty/lib/python3.11/site-packages/hydra_plugins/hydra_submitit_launcher/submitit_launcher.py", line 71, in __call__
    return run_job(
           ^^^^^^^^
  File "/opt/conda/envs/emg2qwerty/lib/python3.11/site-packages/hydra/core/utils.py", line 186, in run_job
    ret.return_value = task_function(task_cfg)
                       ^^^^^^^^^^^^^^^^^^^^^^^
  File "/home/nikhil/proj/ECE-C147A-EMG/emg2qwerty/emg2qwerty/train.py", line 110, in main
    module = module.load_from_checkpoint(
             ^^^^^^^^^^^^^^^^^^^^^^^^^^^^
  File "/opt/conda/envs/emg2qwerty/lib/python3.11/site-packages/pytorch_lightning/core/saving.py", line 139, in load_from_checkpoint
    return _load_from_checkpoint(  # type: ignore[return-value]
           ^^^^^^^^^^^^^^^^^^^^^^^^^^^^^^^^^^^^^^^^^^^^^^^^^^^^
  File "/opt/conda/envs/emg2qwerty/lib/python3.11/site-packages/pytorch_lightning/core/saving.py", line 160, in _load_from_checkpoint
    checkpoint = pl_load(checkpoint_path, map_location=map_location)
                 ^^^^^^^^^^^^^^^^^^^^^^^^^^^^^^^^^^^^^^^^^^^^^^^^^^^
  File "/opt/conda/envs/emg2qwerty/lib/python3.11/site-packages/lightning_fabric/utilities/cloud_io.py", line 51, in _load
    return torch.load(f, map_location=map_location)  # type: ignore[arg-type]
           ^^^^^^^^^^^^^^^^^^^^^^^^^^^^^^^^^^^^^^^^
  File "/opt/conda/envs/emg2qwerty/lib/python3.11/site-packages/torch/serialization.py", line 1360, in load
    return _load(
           ^^^^^^
  File "/opt/conda/envs/emg2qwerty/lib/python3.11/site-packages/torch/serialization.py", line 1848, in _load
    result = unpickler.load()
             ^^^^^^^^^^^^^^^^
  File "/opt/conda/envs/emg2qwerty/lib/python3.11/pickle.py", line 1213, in load
    dispatch[key[0]](self)
  File "/opt/conda/envs/emg2qwerty/lib/python3.11/pickle.py", line 1254, in load_binpersid
    self.append(self.persistent_load(pid))
                ^^^^^^^^^^^^^^^^^^^^^^^^^
  File "/opt/conda/envs/emg2qwerty/lib/python3.11/site-packages/torch/serialization.py", line 1812, in persistent_load
    typed_storage = load_tensor(
                    ^^^^^^^^^^^^
  File "/opt/conda/envs/emg2qwerty/lib/python3.11/site-packages/torch/serialization.py", line 1772, in load_tensor
    zip_file.get_storage_from_record(name, numel, torch.UntypedStorage)
KeyboardInterrupt
